2026-06-29 12:34:04,893 INFO [03f8e57c-214d-48b0-9483-d30b6d238577_clean_35af9bdc-9ec9-4c8a-8f11-c9bb3738e874]                 Book.java:560  | 1 sheet in C:\ReactNative\music-app\MeloNote\backend\temp\03f8e57c-214d-48b0-9483-d30b6d238577_clean_35af9bdc-9ec9-4c8a-8f11-c9bb3738e874.jpeg
2026-06-29 12:34:05,233 INFO []                 Book.java:2565 | Stored /book.xml
2026-06-29 12:34:05,234 INFO []                 Book.java:2525 | Book stored as C:\ReactNative\music-app\MeloNote\backend\outputs\03f8e57c-214d-48b0-9483-d30b6d238577_clean_35af9bdc-9ec9-4c8a-8f11-c9bb3738e874.omr
2026-06-29 12:34:05,242 INFO []                 Book.java:1929 | Book reaching PAGE on sheets:[#1]
2026-06-29 12:34:05,245 INFO [03f8e57c-214d-48b0-9483-d30b6d238577_clean_35af9bdc-9ec9-4c8a-8f11-c9bb3738e874]       StepMonitoring.java:98   | LOAD
2026-06-29 12:34:05,371 INFO [03f8e57c-214d-48b0-9483-d30b6d238577_clean_35af9bdc-9ec9-4c8a-8f11-c9bb3738e874]            SheetStub.java:1278 | Loaded image #1 1080x1178 from C:\ReactNative\music-app\MeloNote\backend\temp\03f8e57c-214d-48b0-9483-d30b6d238577_clean_35af9bdc-9ec9-4c8a-8f11-c9bb3738e874.jpeg
2026-06-29 12:34:05,378 INFO [03f8e57c-214d-48b0-9483-d30b6d238577_clean_35af9bdc-9ec9-4c8a-8f11-c9bb3738e874]       StepMonitoring.java:98   | BINARY
2026-06-29 12:34:05,723 INFO [03f8e57c-214d-48b0-9483-d30b6d238577_clean_35af9bdc-9ec9-4c8a-8f11-c9bb3738e874]       StepMonitoring.java:98   | SCALE
2026-06-29 12:34:05,751 WARN [03f8e57c-214d-48b0-9483-d30b6d238577_clean_35af9bdc-9ec9-4c8a-8f11-c9bb3738e874]            SheetStub.java:411  | 03f8e57c-214d-48b0-9483-d30b6d238577_clean_35af9bdc-9ec9-4c8a-8f11-c9bb3738e874

 With a too low interline value of 8 pixels,
 either this sheet contains no multi-line staves,
 or the picture resolution is too low (try 300 DPI).

 This interline value is NOT RELIABLE!
2026-06-29 12:34:05,752 INFO [03f8e57c-214d-48b0-9483-d30b6d238577_clean_35af9bdc-9ec9-4c8a-8f11-c9bb3738e874]                 Book.java:543  | Created scores: []
2026-06-29 12:34:05,752 INFO [03f8e57c-214d-48b0-9483-d30b6d238577_clean_35af9bdc-9ec9-4c8a-8f11-c9bb3738e874]            SheetStub.java:1194 | Sheet 03f8e57c-214d-48b0-9483-d30b6d238577_clean_35af9bdc-9ec9-4c8a-8f11-c9bb3738e874 flagged as invalid.
2026-06-29 12:34:05,753 WARN [03f8e57c-214d-48b0-9483-d30b6d238577_clean_35af9bdc-9ec9-4c8a-8f11-c9bb3738e874]                 Book.java:2044 | Error processing stub
2026-06-29 12:34:05,754 INFO [03f8e57c-214d-48b0-9483-d30b6d238577_clean_35af9bdc-9ec9-4c8a-8f11-c9bb3738e874]                 Book.java:2584 | Book{03f8e57c-214d-48b0-9483-d30b6d238577_clean_35af9bdc-9ec9-4c8a-8f11-c9bb3738e874} storing
2026-06-29 12:34:05,783 INFO [03f8e57c-214d-48b0-9483-d30b6d238577_clean_35af9bdc-9ec9-4c8a-8f11-c9bb3738e874]                 Book.java:2565 | Stored /book.xml
2026-06-29 12:34:05,856 INFO [03f8e57c-214d-48b0-9483-d30b6d238577_clean_35af9bdc-9ec9-4c8a-8f11-c9bb3738e874]           DataHolder.java:348  | Stored /sheet#1/BINARY.png
2026-06-29 12:34:06,317 INFO [03f8e57c-214d-48b0-9483-d30b6d238577_clean_35af9bdc-9ec9-4c8a-8f11-c9bb3738e874]                Sheet.java:1583 | Stored /sheet#1/sheet#1.xml
2026-06-29 12:34:06,318 INFO [03f8e57c-214d-48b0-9483-d30b6d238577_clean_35af9bdc-9ec9-4c8a-8f11-c9bb3738e874]                 Book.java:2525 | Book stored as C:\ReactNative\music-app\MeloNote\backend\outputs\03f8e57c-214d-48b0-9483-d30b6d238577_clean_35af9bdc-9ec9-4c8a-8f11-c9bb3738e874.omr
2026-06-29 12:34:06,327 INFO [03f8e57c-214d-48b0-9483-d30b6d238577_clean_35af9bdc-9ec9-4c8a-8f11-c9bb3738e874]            SheetStub.java:1655 | Sheet disposed
2026-06-29 12:34:06,354 INFO [03f8e57c-214d-48b0-9483-d30b6d238577_clean_35af9bdc-9ec9-4c8a-8f11-c9bb3738e874]                 Book.java:2050 | End of Stub#1
2026-06-29 12:34:06,355 INFO [03f8e57c-214d-48b0-9483-d30b6d238577_clean_35af9bdc-9ec9-4c8a-8f11-c9bb3738e874]                 Book.java:2057 | End of Book{03f8e57c-214d-48b0-9483-d30b6d238577_clean_35af9bdc-9ec9-4c8a-8f11-c9bb3738e874}
2026-06-29 12:34:06,356 INFO [03f8e57c-214d-48b0-9483-d30b6d238577_clean_35af9bdc-9ec9-4c8a-8f11-c9bb3738e874]                 Book.java:596  | Could not export since transcription did not complete successfully
2026-06-29 12:34:06,357 WARN [03f8e57c-214d-48b0-9483-d30b6d238577_clean_35af9bdc-9ec9-4c8a-8f11-c9bb3738e874]                  CLI.java:956  | Exception occurred java.lang.Exception: Error in export
java.lang.Exception: Error in export
	at org.audiveris.omr.CLI$ProcessingTask.processBook(CLI.java:930)
	at org.audiveris.omr.CLI$CliTask.call(CLI.java:513)
	at org.audiveris.omr.Main.runBatchTasks(Main.java:361)
	at org.audiveris.omr.Main.main(Main.java:263)
	at Audiveris.main(Audiveris.java:50)
