2026-06-29 22:47:58,656 INFO [094f7305-d8ec-41d3-93a9-7fcb0a312a76_clean_5e433f72-24c3-49e2-848f-2f77db06bcc0]                 Book.java:560  | 1 sheet in C:\ReactNative\music-app\MeloNote\backend\temp\094f7305-d8ec-41d3-93a9-7fcb0a312a76_clean_5e433f72-24c3-49e2-848f-2f77db06bcc0.jpeg
2026-06-29 22:47:58,944 INFO []                 Book.java:2565 | Stored /book.xml
2026-06-29 22:47:58,945 INFO []                 Book.java:2525 | Book stored as C:\ReactNative\music-app\MeloNote\backend\outputs\094f7305-d8ec-41d3-93a9-7fcb0a312a76_clean_5e433f72-24c3-49e2-848f-2f77db06bcc0.omr
2026-06-29 22:47:58,956 INFO []                 Book.java:1929 | Book reaching PAGE on sheets:[#1]
2026-06-29 22:47:58,959 INFO [094f7305-d8ec-41d3-93a9-7fcb0a312a76_clean_5e433f72-24c3-49e2-848f-2f77db06bcc0]       StepMonitoring.java:98   | LOAD
2026-06-29 22:48:00,020 INFO [094f7305-d8ec-41d3-93a9-7fcb0a312a76_clean_5e433f72-24c3-49e2-848f-2f77db06bcc0]            SheetStub.java:1278 | Loaded image #1 4960x2800 from C:\ReactNative\music-app\MeloNote\backend\temp\094f7305-d8ec-41d3-93a9-7fcb0a312a76_clean_5e433f72-24c3-49e2-848f-2f77db06bcc0.jpeg
2026-06-29 22:48:00,027 INFO [094f7305-d8ec-41d3-93a9-7fcb0a312a76_clean_5e433f72-24c3-49e2-848f-2f77db06bcc0]       StepMonitoring.java:98   | BINARY
2026-06-29 22:48:01,687 INFO [094f7305-d8ec-41d3-93a9-7fcb0a312a76_clean_5e433f72-24c3-49e2-848f-2f77db06bcc0]       StepMonitoring.java:98   | SCALE
2026-06-29 22:48:01,757 INFO [094f7305-d8ec-41d3-93a9-7fcb0a312a76_clean_5e433f72-24c3-49e2-848f-2f77db06bcc0]                 Book.java:543  | Created scores: []
2026-06-29 22:48:01,757 INFO [094f7305-d8ec-41d3-93a9-7fcb0a312a76_clean_5e433f72-24c3-49e2-848f-2f77db06bcc0]            SheetStub.java:1194 | Sheet 094f7305-d8ec-41d3-93a9-7fcb0a312a76_clean_5e433f72-24c3-49e2-848f-2f77db06bcc0 flagged as invalid.
2026-06-29 22:48:01,758 WARN [094f7305-d8ec-41d3-93a9-7fcb0a312a76_clean_5e433f72-24c3-49e2-848f-2f77db06bcc0]                 Book.java:2044 | Error processing stub
2026-06-29 22:48:01,759 INFO [094f7305-d8ec-41d3-93a9-7fcb0a312a76_clean_5e433f72-24c3-49e2-848f-2f77db06bcc0]                 Book.java:2584 | Book{094f7305-d8ec-41d3-93a9-7fcb0a312a76_clean_5e433f72-24c3-49e2-848f-2f77db06bcc0} storing
2026-06-29 22:48:01,796 INFO [094f7305-d8ec-41d3-93a9-7fcb0a312a76_clean_5e433f72-24c3-49e2-848f-2f77db06bcc0]                 Book.java:2565 | Stored /book.xml
2026-06-29 22:48:02,225 INFO [094f7305-d8ec-41d3-93a9-7fcb0a312a76_clean_5e433f72-24c3-49e2-848f-2f77db06bcc0]           DataHolder.java:348  | Stored /sheet#1/BINARY.png
2026-06-29 22:48:02,634 INFO [094f7305-d8ec-41d3-93a9-7fcb0a312a76_clean_5e433f72-24c3-49e2-848f-2f77db06bcc0]                Sheet.java:1583 | Stored /sheet#1/sheet#1.xml
2026-06-29 22:48:02,634 INFO [094f7305-d8ec-41d3-93a9-7fcb0a312a76_clean_5e433f72-24c3-49e2-848f-2f77db06bcc0]                 Book.java:2525 | Book stored as C:\ReactNative\music-app\MeloNote\backend\outputs\094f7305-d8ec-41d3-93a9-7fcb0a312a76_clean_5e433f72-24c3-49e2-848f-2f77db06bcc0.omr
2026-06-29 22:48:02,643 INFO [094f7305-d8ec-41d3-93a9-7fcb0a312a76_clean_5e433f72-24c3-49e2-848f-2f77db06bcc0]            SheetStub.java:1655 | Sheet disposed
2026-06-29 22:48:02,671 INFO [094f7305-d8ec-41d3-93a9-7fcb0a312a76_clean_5e433f72-24c3-49e2-848f-2f77db06bcc0]                 Book.java:2050 | End of Stub#1
2026-06-29 22:48:02,673 INFO [094f7305-d8ec-41d3-93a9-7fcb0a312a76_clean_5e433f72-24c3-49e2-848f-2f77db06bcc0]                 Book.java:2057 | End of Book{094f7305-d8ec-41d3-93a9-7fcb0a312a76_clean_5e433f72-24c3-49e2-848f-2f77db06bcc0}
2026-06-29 22:48:02,673 INFO [094f7305-d8ec-41d3-93a9-7fcb0a312a76_clean_5e433f72-24c3-49e2-848f-2f77db06bcc0]                 Book.java:596  | Could not export since transcription did not complete successfully
2026-06-29 22:48:02,674 WARN [094f7305-d8ec-41d3-93a9-7fcb0a312a76_clean_5e433f72-24c3-49e2-848f-2f77db06bcc0]                  CLI.java:956  | Exception occurred java.lang.Exception: Error in export
java.lang.Exception: Error in export
	at org.audiveris.omr.CLI$ProcessingTask.processBook(CLI.java:930)
	at org.audiveris.omr.CLI$CliTask.call(CLI.java:513)
	at org.audiveris.omr.Main.runBatchTasks(Main.java:361)
	at org.audiveris.omr.Main.main(Main.java:263)
	at Audiveris.main(Audiveris.java:50)
