2026-06-29 18:37:23,599 INFO [0c250da2-f4ef-4fbe-add8-86273db42adb_clean_d3c42a7d-b8db-4f6f-9200-aeddff0fedff]                 Book.java:560  | 1 sheet in C:\ReactNative\music-app\MeloNote\backend\temp\0c250da2-f4ef-4fbe-add8-86273db42adb_clean_d3c42a7d-b8db-4f6f-9200-aeddff0fedff.jpeg
2026-06-29 18:37:23,922 INFO []                 Book.java:2565 | Stored /book.xml
2026-06-29 18:37:23,923 INFO []                 Book.java:2525 | Book stored as C:\ReactNative\music-app\MeloNote\backend\outputs\0c250da2-f4ef-4fbe-add8-86273db42adb_clean_d3c42a7d-b8db-4f6f-9200-aeddff0fedff.omr
2026-06-29 18:37:23,934 INFO []                 Book.java:1929 | Book reaching PAGE on sheets:[#1]
2026-06-29 18:37:23,938 INFO [0c250da2-f4ef-4fbe-add8-86273db42adb_clean_d3c42a7d-b8db-4f6f-9200-aeddff0fedff]       StepMonitoring.java:98   | LOAD
2026-06-29 18:37:24,675 INFO [0c250da2-f4ef-4fbe-add8-86273db42adb_clean_d3c42a7d-b8db-4f6f-9200-aeddff0fedff]            SheetStub.java:1278 | Loaded image #1 4958x2800 from C:\ReactNative\music-app\MeloNote\backend\temp\0c250da2-f4ef-4fbe-add8-86273db42adb_clean_d3c42a7d-b8db-4f6f-9200-aeddff0fedff.jpeg
2026-06-29 18:37:24,680 INFO [0c250da2-f4ef-4fbe-add8-86273db42adb_clean_d3c42a7d-b8db-4f6f-9200-aeddff0fedff]       StepMonitoring.java:98   | BINARY
2026-06-29 18:37:26,384 INFO [0c250da2-f4ef-4fbe-add8-86273db42adb_clean_d3c42a7d-b8db-4f6f-9200-aeddff0fedff]       StepMonitoring.java:98   | SCALE
2026-06-29 18:37:26,446 INFO [0c250da2-f4ef-4fbe-add8-86273db42adb_clean_d3c42a7d-b8db-4f6f-9200-aeddff0fedff]                 Book.java:543  | Created scores: []
2026-06-29 18:37:26,447 INFO [0c250da2-f4ef-4fbe-add8-86273db42adb_clean_d3c42a7d-b8db-4f6f-9200-aeddff0fedff]            SheetStub.java:1194 | Sheet 0c250da2-f4ef-4fbe-add8-86273db42adb_clean_d3c42a7d-b8db-4f6f-9200-aeddff0fedff flagged as invalid.
2026-06-29 18:37:26,448 WARN [0c250da2-f4ef-4fbe-add8-86273db42adb_clean_d3c42a7d-b8db-4f6f-9200-aeddff0fedff]                 Book.java:2044 | Error processing stub
2026-06-29 18:37:26,448 INFO [0c250da2-f4ef-4fbe-add8-86273db42adb_clean_d3c42a7d-b8db-4f6f-9200-aeddff0fedff]                 Book.java:2584 | Book{0c250da2-f4ef-4fbe-add8-86273db42adb_clean_d3c42a7d-b8db-4f6f-9200-aeddff0fedff} storing
2026-06-29 18:37:26,482 INFO [0c250da2-f4ef-4fbe-add8-86273db42adb_clean_d3c42a7d-b8db-4f6f-9200-aeddff0fedff]                 Book.java:2565 | Stored /book.xml
2026-06-29 18:37:26,847 INFO [0c250da2-f4ef-4fbe-add8-86273db42adb_clean_d3c42a7d-b8db-4f6f-9200-aeddff0fedff]           DataHolder.java:348  | Stored /sheet#1/BINARY.png
2026-06-29 18:37:27,277 INFO [0c250da2-f4ef-4fbe-add8-86273db42adb_clean_d3c42a7d-b8db-4f6f-9200-aeddff0fedff]                Sheet.java:1583 | Stored /sheet#1/sheet#1.xml
2026-06-29 18:37:27,278 INFO [0c250da2-f4ef-4fbe-add8-86273db42adb_clean_d3c42a7d-b8db-4f6f-9200-aeddff0fedff]                 Book.java:2525 | Book stored as C:\ReactNative\music-app\MeloNote\backend\outputs\0c250da2-f4ef-4fbe-add8-86273db42adb_clean_d3c42a7d-b8db-4f6f-9200-aeddff0fedff.omr
2026-06-29 18:37:27,290 INFO [0c250da2-f4ef-4fbe-add8-86273db42adb_clean_d3c42a7d-b8db-4f6f-9200-aeddff0fedff]            SheetStub.java:1655 | Sheet disposed
2026-06-29 18:37:27,315 INFO [0c250da2-f4ef-4fbe-add8-86273db42adb_clean_d3c42a7d-b8db-4f6f-9200-aeddff0fedff]                 Book.java:2050 | End of Stub#1
2026-06-29 18:37:27,317 INFO [0c250da2-f4ef-4fbe-add8-86273db42adb_clean_d3c42a7d-b8db-4f6f-9200-aeddff0fedff]                 Book.java:2057 | End of Book{0c250da2-f4ef-4fbe-add8-86273db42adb_clean_d3c42a7d-b8db-4f6f-9200-aeddff0fedff}
2026-06-29 18:37:27,318 INFO [0c250da2-f4ef-4fbe-add8-86273db42adb_clean_d3c42a7d-b8db-4f6f-9200-aeddff0fedff]                 Book.java:596  | Could not export since transcription did not complete successfully
2026-06-29 18:37:27,319 WARN [0c250da2-f4ef-4fbe-add8-86273db42adb_clean_d3c42a7d-b8db-4f6f-9200-aeddff0fedff]                  CLI.java:956  | Exception occurred java.lang.Exception: Error in export
java.lang.Exception: Error in export
	at org.audiveris.omr.CLI$ProcessingTask.processBook(CLI.java:930)
	at org.audiveris.omr.CLI$CliTask.call(CLI.java:513)
	at org.audiveris.omr.Main.runBatchTasks(Main.java:361)
	at org.audiveris.omr.Main.main(Main.java:263)
	at Audiveris.main(Audiveris.java:50)
