2026-06-29 12:51:20,696 INFO [1f6e1fe6-bfa6-4486-a6cb-4ac2cd15e114_clean_a2b474d7-71eb-419c-9041-c067d0894f55]                 Book.java:560  | 1 sheet in C:\ReactNative\music-app\MeloNote\backend\temp\1f6e1fe6-bfa6-4486-a6cb-4ac2cd15e114_clean_a2b474d7-71eb-419c-9041-c067d0894f55.jpeg
2026-06-29 12:51:21,087 INFO []                 Book.java:2565 | Stored /book.xml
2026-06-29 12:51:21,088 INFO []                 Book.java:2525 | Book stored as C:\ReactNative\music-app\MeloNote\backend\outputs\1f6e1fe6-bfa6-4486-a6cb-4ac2cd15e114_clean_a2b474d7-71eb-419c-9041-c067d0894f55.omr
2026-06-29 12:51:21,104 INFO []                 Book.java:1929 | Book reaching PAGE on sheets:[#1]
2026-06-29 12:51:21,107 INFO [1f6e1fe6-bfa6-4486-a6cb-4ac2cd15e114_clean_a2b474d7-71eb-419c-9041-c067d0894f55]       StepMonitoring.java:98   | LOAD
2026-06-29 12:51:21,313 INFO [1f6e1fe6-bfa6-4486-a6cb-4ac2cd15e114_clean_a2b474d7-71eb-419c-9041-c067d0894f55]            SheetStub.java:1278 | Loaded image #1 1080x1258 from C:\ReactNative\music-app\MeloNote\backend\temp\1f6e1fe6-bfa6-4486-a6cb-4ac2cd15e114_clean_a2b474d7-71eb-419c-9041-c067d0894f55.jpeg
2026-06-29 12:51:21,322 INFO [1f6e1fe6-bfa6-4486-a6cb-4ac2cd15e114_clean_a2b474d7-71eb-419c-9041-c067d0894f55]       StepMonitoring.java:98   | BINARY
2026-06-29 12:51:21,657 INFO [1f6e1fe6-bfa6-4486-a6cb-4ac2cd15e114_clean_a2b474d7-71eb-419c-9041-c067d0894f55]       StepMonitoring.java:98   | SCALE
2026-06-29 12:51:21,699 WARN [1f6e1fe6-bfa6-4486-a6cb-4ac2cd15e114_clean_a2b474d7-71eb-419c-9041-c067d0894f55]            SheetStub.java:411  | 1f6e1fe6-bfa6-4486-a6cb-4ac2cd15e114_clean_a2b474d7-71eb-419c-9041-c067d0894f55

 With a too low interline value of 8 pixels,
 either this sheet contains no multi-line staves,
 or the picture resolution is too low (try 300 DPI).

 This interline value is NOT RELIABLE!
2026-06-29 12:51:21,701 INFO [1f6e1fe6-bfa6-4486-a6cb-4ac2cd15e114_clean_a2b474d7-71eb-419c-9041-c067d0894f55]                 Book.java:543  | Created scores: []
2026-06-29 12:51:21,702 INFO [1f6e1fe6-bfa6-4486-a6cb-4ac2cd15e114_clean_a2b474d7-71eb-419c-9041-c067d0894f55]            SheetStub.java:1194 | Sheet 1f6e1fe6-bfa6-4486-a6cb-4ac2cd15e114_clean_a2b474d7-71eb-419c-9041-c067d0894f55 flagged as invalid.
2026-06-29 12:51:21,703 WARN [1f6e1fe6-bfa6-4486-a6cb-4ac2cd15e114_clean_a2b474d7-71eb-419c-9041-c067d0894f55]                 Book.java:2044 | Error processing stub
2026-06-29 12:51:21,704 INFO [1f6e1fe6-bfa6-4486-a6cb-4ac2cd15e114_clean_a2b474d7-71eb-419c-9041-c067d0894f55]                 Book.java:2584 | Book{1f6e1fe6-bfa6-4486-a6cb-4ac2cd15e114_clean_a2b474d7-71eb-419c-9041-c067d0894f55} storing
2026-06-29 12:51:21,744 INFO [1f6e1fe6-bfa6-4486-a6cb-4ac2cd15e114_clean_a2b474d7-71eb-419c-9041-c067d0894f55]                 Book.java:2565 | Stored /book.xml
2026-06-29 12:51:21,829 INFO [1f6e1fe6-bfa6-4486-a6cb-4ac2cd15e114_clean_a2b474d7-71eb-419c-9041-c067d0894f55]           DataHolder.java:348  | Stored /sheet#1/BINARY.png
2026-06-29 12:51:22,398 INFO [1f6e1fe6-bfa6-4486-a6cb-4ac2cd15e114_clean_a2b474d7-71eb-419c-9041-c067d0894f55]                Sheet.java:1583 | Stored /sheet#1/sheet#1.xml
2026-06-29 12:51:22,399 INFO [1f6e1fe6-bfa6-4486-a6cb-4ac2cd15e114_clean_a2b474d7-71eb-419c-9041-c067d0894f55]                 Book.java:2525 | Book stored as C:\ReactNative\music-app\MeloNote\backend\outputs\1f6e1fe6-bfa6-4486-a6cb-4ac2cd15e114_clean_a2b474d7-71eb-419c-9041-c067d0894f55.omr
2026-06-29 12:51:22,412 INFO [1f6e1fe6-bfa6-4486-a6cb-4ac2cd15e114_clean_a2b474d7-71eb-419c-9041-c067d0894f55]            SheetStub.java:1655 | Sheet disposed
2026-06-29 12:51:22,442 INFO [1f6e1fe6-bfa6-4486-a6cb-4ac2cd15e114_clean_a2b474d7-71eb-419c-9041-c067d0894f55]                 Book.java:2050 | End of Stub#1
2026-06-29 12:51:22,444 INFO [1f6e1fe6-bfa6-4486-a6cb-4ac2cd15e114_clean_a2b474d7-71eb-419c-9041-c067d0894f55]                 Book.java:2057 | End of Book{1f6e1fe6-bfa6-4486-a6cb-4ac2cd15e114_clean_a2b474d7-71eb-419c-9041-c067d0894f55}
2026-06-29 12:51:22,445 INFO [1f6e1fe6-bfa6-4486-a6cb-4ac2cd15e114_clean_a2b474d7-71eb-419c-9041-c067d0894f55]                 Book.java:596  | Could not export since transcription did not complete successfully
2026-06-29 12:51:22,446 WARN [1f6e1fe6-bfa6-4486-a6cb-4ac2cd15e114_clean_a2b474d7-71eb-419c-9041-c067d0894f55]                  CLI.java:956  | Exception occurred java.lang.Exception: Error in export
java.lang.Exception: Error in export
	at org.audiveris.omr.CLI$ProcessingTask.processBook(CLI.java:930)
	at org.audiveris.omr.CLI$CliTask.call(CLI.java:513)
	at org.audiveris.omr.Main.runBatchTasks(Main.java:361)
	at org.audiveris.omr.Main.main(Main.java:263)
	at Audiveris.main(Audiveris.java:50)
