2026-06-29 12:34:22,599 INFO [4cd22d33-aa98-4e46-808b-23efe4dce43b_clean_753a0f1b-5887-4bf0-9b76-6c0dfa3986cd]                 Book.java:560  | 1 sheet in C:\ReactNative\music-app\MeloNote\backend\temp\4cd22d33-aa98-4e46-808b-23efe4dce43b_clean_753a0f1b-5887-4bf0-9b76-6c0dfa3986cd.jpeg
2026-06-29 12:34:22,890 INFO []                 Book.java:2565 | Stored /book.xml
2026-06-29 12:34:22,890 INFO []                 Book.java:2525 | Book stored as C:\ReactNative\music-app\MeloNote\backend\outputs\4cd22d33-aa98-4e46-808b-23efe4dce43b_clean_753a0f1b-5887-4bf0-9b76-6c0dfa3986cd.omr
2026-06-29 12:34:22,902 INFO []                 Book.java:1929 | Book reaching PAGE on sheets:[#1]
2026-06-29 12:34:22,905 INFO [4cd22d33-aa98-4e46-808b-23efe4dce43b_clean_753a0f1b-5887-4bf0-9b76-6c0dfa3986cd]       StepMonitoring.java:98   | LOAD
2026-06-29 12:34:23,024 INFO [4cd22d33-aa98-4e46-808b-23efe4dce43b_clean_753a0f1b-5887-4bf0-9b76-6c0dfa3986cd]            SheetStub.java:1278 | Loaded image #1 1080x1178 from C:\ReactNative\music-app\MeloNote\backend\temp\4cd22d33-aa98-4e46-808b-23efe4dce43b_clean_753a0f1b-5887-4bf0-9b76-6c0dfa3986cd.jpeg
2026-06-29 12:34:23,030 INFO [4cd22d33-aa98-4e46-808b-23efe4dce43b_clean_753a0f1b-5887-4bf0-9b76-6c0dfa3986cd]       StepMonitoring.java:98   | BINARY
2026-06-29 12:34:23,311 INFO [4cd22d33-aa98-4e46-808b-23efe4dce43b_clean_753a0f1b-5887-4bf0-9b76-6c0dfa3986cd]       StepMonitoring.java:98   | SCALE
2026-06-29 12:34:23,336 WARN [4cd22d33-aa98-4e46-808b-23efe4dce43b_clean_753a0f1b-5887-4bf0-9b76-6c0dfa3986cd]            SheetStub.java:411  | 4cd22d33-aa98-4e46-808b-23efe4dce43b_clean_753a0f1b-5887-4bf0-9b76-6c0dfa3986cd

 With a too low interline value of 8 pixels,
 either this sheet contains no multi-line staves,
 or the picture resolution is too low (try 300 DPI).

 This interline value is NOT RELIABLE!
2026-06-29 12:34:23,337 INFO [4cd22d33-aa98-4e46-808b-23efe4dce43b_clean_753a0f1b-5887-4bf0-9b76-6c0dfa3986cd]                 Book.java:543  | Created scores: []
2026-06-29 12:34:23,338 INFO [4cd22d33-aa98-4e46-808b-23efe4dce43b_clean_753a0f1b-5887-4bf0-9b76-6c0dfa3986cd]            SheetStub.java:1194 | Sheet 4cd22d33-aa98-4e46-808b-23efe4dce43b_clean_753a0f1b-5887-4bf0-9b76-6c0dfa3986cd flagged as invalid.
2026-06-29 12:34:23,338 WARN [4cd22d33-aa98-4e46-808b-23efe4dce43b_clean_753a0f1b-5887-4bf0-9b76-6c0dfa3986cd]                 Book.java:2044 | Error processing stub
2026-06-29 12:34:23,339 INFO [4cd22d33-aa98-4e46-808b-23efe4dce43b_clean_753a0f1b-5887-4bf0-9b76-6c0dfa3986cd]                 Book.java:2584 | Book{4cd22d33-aa98-4e46-808b-23efe4dce43b_clean_753a0f1b-5887-4bf0-9b76-6c0dfa3986cd} storing
2026-06-29 12:34:23,365 INFO [4cd22d33-aa98-4e46-808b-23efe4dce43b_clean_753a0f1b-5887-4bf0-9b76-6c0dfa3986cd]                 Book.java:2565 | Stored /book.xml
2026-06-29 12:34:23,431 INFO [4cd22d33-aa98-4e46-808b-23efe4dce43b_clean_753a0f1b-5887-4bf0-9b76-6c0dfa3986cd]           DataHolder.java:348  | Stored /sheet#1/BINARY.png
2026-06-29 12:34:23,832 INFO [4cd22d33-aa98-4e46-808b-23efe4dce43b_clean_753a0f1b-5887-4bf0-9b76-6c0dfa3986cd]                Sheet.java:1583 | Stored /sheet#1/sheet#1.xml
2026-06-29 12:34:23,833 INFO [4cd22d33-aa98-4e46-808b-23efe4dce43b_clean_753a0f1b-5887-4bf0-9b76-6c0dfa3986cd]                 Book.java:2525 | Book stored as C:\ReactNative\music-app\MeloNote\backend\outputs\4cd22d33-aa98-4e46-808b-23efe4dce43b_clean_753a0f1b-5887-4bf0-9b76-6c0dfa3986cd.omr
2026-06-29 12:34:23,844 INFO [4cd22d33-aa98-4e46-808b-23efe4dce43b_clean_753a0f1b-5887-4bf0-9b76-6c0dfa3986cd]            SheetStub.java:1655 | Sheet disposed
2026-06-29 12:34:23,870 INFO [4cd22d33-aa98-4e46-808b-23efe4dce43b_clean_753a0f1b-5887-4bf0-9b76-6c0dfa3986cd]                 Book.java:2050 | End of Stub#1
2026-06-29 12:34:23,872 INFO [4cd22d33-aa98-4e46-808b-23efe4dce43b_clean_753a0f1b-5887-4bf0-9b76-6c0dfa3986cd]                 Book.java:2057 | End of Book{4cd22d33-aa98-4e46-808b-23efe4dce43b_clean_753a0f1b-5887-4bf0-9b76-6c0dfa3986cd}
2026-06-29 12:34:23,873 INFO [4cd22d33-aa98-4e46-808b-23efe4dce43b_clean_753a0f1b-5887-4bf0-9b76-6c0dfa3986cd]                 Book.java:596  | Could not export since transcription did not complete successfully
2026-06-29 12:34:23,874 WARN [4cd22d33-aa98-4e46-808b-23efe4dce43b_clean_753a0f1b-5887-4bf0-9b76-6c0dfa3986cd]                  CLI.java:956  | Exception occurred java.lang.Exception: Error in export
java.lang.Exception: Error in export
	at org.audiveris.omr.CLI$ProcessingTask.processBook(CLI.java:930)
	at org.audiveris.omr.CLI$CliTask.call(CLI.java:513)
	at org.audiveris.omr.Main.runBatchTasks(Main.java:361)
	at org.audiveris.omr.Main.main(Main.java:263)
	at Audiveris.main(Audiveris.java:50)
