2026-06-29 23:11:30,055 INFO [5a0505fc-b348-445c-a016-4887f238c6af_clean_9399a7cb-933a-489d-ab14-f64c7cdb7da4]                 Book.java:560  | 1 sheet in C:\ReactNative\music-app\MeloNote\backend\temp\5a0505fc-b348-445c-a016-4887f238c6af_clean_9399a7cb-933a-489d-ab14-f64c7cdb7da4.jpeg
2026-06-29 23:11:30,377 INFO []                 Book.java:2565 | Stored /book.xml
2026-06-29 23:11:30,378 INFO []                 Book.java:2525 | Book stored as C:\ReactNative\music-app\MeloNote\backend\outputs\5a0505fc-b348-445c-a016-4887f238c6af_clean_9399a7cb-933a-489d-ab14-f64c7cdb7da4.omr
2026-06-29 23:11:30,391 INFO []                 Book.java:1929 | Book reaching PAGE on sheets:[#1]
2026-06-29 23:11:30,394 INFO [5a0505fc-b348-445c-a016-4887f238c6af_clean_9399a7cb-933a-489d-ab14-f64c7cdb7da4]       StepMonitoring.java:98   | LOAD
2026-06-29 23:11:30,960 INFO [5a0505fc-b348-445c-a016-4887f238c6af_clean_9399a7cb-933a-489d-ab14-f64c7cdb7da4]            SheetStub.java:1278 | Loaded image #1 2800x3957 from C:\ReactNative\music-app\MeloNote\backend\temp\5a0505fc-b348-445c-a016-4887f238c6af_clean_9399a7cb-933a-489d-ab14-f64c7cdb7da4.jpeg
2026-06-29 23:11:30,968 INFO [5a0505fc-b348-445c-a016-4887f238c6af_clean_9399a7cb-933a-489d-ab14-f64c7cdb7da4]       StepMonitoring.java:98   | BINARY
2026-06-29 23:11:32,470 INFO [5a0505fc-b348-445c-a016-4887f238c6af_clean_9399a7cb-933a-489d-ab14-f64c7cdb7da4]       StepMonitoring.java:98   | SCALE
2026-06-29 23:11:32,544 INFO [5a0505fc-b348-445c-a016-4887f238c6af_clean_9399a7cb-933a-489d-ab14-f64c7cdb7da4]         ScaleBuilder.java:255  | Beam  guessed height: 15 -- mid of [8..23]
2026-06-29 23:11:32,551 INFO [5a0505fc-b348-445c-a016-4887f238c6af_clean_9399a7cb-933a-489d-ab14-f64c7cdb7da4]         ScaleBuilder.java:271  | Beam measured height: 12 -- 0.27 of [8..23] range at 507% of needed quorum
2026-06-29 23:11:32,553 INFO [5a0505fc-b348-445c-a016-4887f238c6af_clean_9399a7cb-933a-489d-ab14-f64c7cdb7da4]         ScaleBuilder.java:401  | Normalized black jitter: 20.83 %
2026-06-29 23:11:32,554 INFO [5a0505fc-b348-445c-a016-4887f238c6af_clean_9399a7cb-933a-489d-ab14-f64c7cdb7da4]            ScaleStep.java:65   | Scale{ interline(22,24,25) line(3,7,8) beam(12)}
2026-06-29 23:11:32,556 INFO [5a0505fc-b348-445c-a016-4887f238c6af_clean_9399a7cb-933a-489d-ab14-f64c7cdb7da4]       StepMonitoring.java:98   | GRID
2026-06-29 23:11:34,257 INFO [5a0505fc-b348-445c-a016-4887f238c6af_clean_9399a7cb-933a-489d-ab14-f64c7cdb7da4]       LinesRetriever.java:1500 | Global slope: 0.00026
2026-06-29 23:11:34,399 INFO [5a0505fc-b348-445c-a016-4887f238c6af_clean_9399a7cb-933a-489d-ab14-f64c7cdb7da4]    ClustersRetriever.java:326  | Retrieved raw line clusters: 10 of sizes [5] with interline(22,24,25)
2026-06-29 23:11:35,291 INFO [5a0505fc-b348-445c-a016-4887f238c6af_clean_9399a7cb-933a-489d-ab14-f64c7cdb7da4]            PeakGraph.java:310  | Systems: #1[1, 2] #2[3, 4] #3[5, 6] #4[7, 8] #5[9, 10]
2026-06-29 23:11:36,398 INFO [5a0505fc-b348-445c-a016-4887f238c6af_clean_9399a7cb-933a-489d-ab14-f64c7cdb7da4]        SystemManager.java:779  | 1 part along 5 systems
2026-06-29 23:11:36,399 INFO [5a0505fc-b348-445c-a016-4887f238c6af_clean_9399a7cb-933a-489d-ab14-f64c7cdb7da4]                 Book.java:543  | Created scores: [{Score 1}]
2026-06-29 23:11:36,400 INFO [5a0505fc-b348-445c-a016-4887f238c6af_clean_9399a7cb-933a-489d-ab14-f64c7cdb7da4]       StepMonitoring.java:98   | HEADERS
2026-06-29 23:11:39,888 INFO [5a0505fc-b348-445c-a016-4887f238c6af_clean_9399a7cb-933a-489d-ab14-f64c7cdb7da4]       StepMonitoring.java:98   | STEM_SEEDS
2026-06-29 23:11:40,151 INFO [5a0505fc-b348-445c-a016-4887f238c6af_clean_9399a7cb-933a-489d-ab14-f64c7cdb7da4]        StemSeedsStep.java:86   | stem(5 max:6)
2026-06-29 23:11:40,401 INFO [5a0505fc-b348-445c-a016-4887f238c6af_clean_9399a7cb-933a-489d-ab14-f64c7cdb7da4]       StepMonitoring.java:98   | BEAMS
2026-06-29 23:11:58,959 INFO [5a0505fc-b348-445c-a016-4887f238c6af_clean_9399a7cb-933a-489d-ab14-f64c7cdb7da4]       StepMonitoring.java:98   | LEDGERS
2026-06-29 23:11:59,643 INFO [5a0505fc-b348-445c-a016-4887f238c6af_clean_9399a7cb-933a-489d-ab14-f64c7cdb7da4]       StepMonitoring.java:98   | HEADS
2026-06-29 23:12:21,670 INFO [5a0505fc-b348-445c-a016-4887f238c6af_clean_9399a7cb-933a-489d-ab14-f64c7cdb7da4]        HeadSeedTally.java:235  | Scale information: HeadSeeds{NOTEHEAD_VOID[L:-0.4,R:-0.5] NOTEHEAD_BLACK[L:0.7,R:0.7]}
2026-06-29 23:12:21,672 INFO [5a0505fc-b348-445c-a016-4887f238c6af_clean_9399a7cb-933a-489d-ab14-f64c7cdb7da4]       StepMonitoring.java:98   | STEMS
2026-06-29 23:12:24,479 INFO [5a0505fc-b348-445c-a016-4887f238c6af_clean_9399a7cb-933a-489d-ab14-f64c7cdb7da4]       StepMonitoring.java:98   | REDUCTION
2026-06-29 23:12:24,970 INFO [5a0505fc-b348-445c-a016-4887f238c6af_clean_9399a7cb-933a-489d-ab14-f64c7cdb7da4]        ReductionStep.java:105  | Stems free length median value: 86 pixels, 3.6 interlines
2026-06-29 23:12:24,980 INFO [5a0505fc-b348-445c-a016-4887f238c6af_clean_9399a7cb-933a-489d-ab14-f64c7cdb7da4]       StepMonitoring.java:98   | CUE_BEAMS
2026-06-29 23:12:24,981 INFO [5a0505fc-b348-445c-a016-4887f238c6af_clean_9399a7cb-933a-489d-ab14-f64c7cdb7da4]         CueBeamsStep.java:81   | Step CUE_BEAMS is skipped because small heads switch is off
2026-06-29 23:12:24,981 INFO [5a0505fc-b348-445c-a016-4887f238c6af_clean_9399a7cb-933a-489d-ab14-f64c7cdb7da4]       StepMonitoring.java:98   | TEXTS
2026-06-29 23:12:27,063 INFO [5a0505fc-b348-445c-a016-4887f238c6af_clean_9399a7cb-933a-489d-ab14-f64c7cdb7da4]       MetronomeInter.java:1410 | Metronome. Non recognized note for glyph#7439
2026-06-29 23:12:27,080 INFO [5a0505fc-b348-445c-a016-4887f238c6af_clean_9399a7cb-933a-489d-ab14-f64c7cdb7da4]       StepMonitoring.java:98   | MEASURES
2026-06-29 23:12:27,100 INFO [5a0505fc-b348-445c-a016-4887f238c6af_clean_9399a7cb-933a-489d-ab14-f64c7cdb7da4]                 Page.java:307  | 22 raw measures: [4 in system#1, 4 in system#2, 4 in system#3, 4 in system#4, 6 in system#5]
2026-06-29 23:12:27,101 INFO [5a0505fc-b348-445c-a016-4887f238c6af_clean_9399a7cb-933a-489d-ab14-f64c7cdb7da4]       StepMonitoring.java:98   | CHORDS
2026-06-29 23:12:27,140 INFO [5a0505fc-b348-445c-a016-4887f238c6af_clean_9399a7cb-933a-489d-ab14-f64c7cdb7da4]       StepMonitoring.java:98   | CURVES
2026-06-29 23:12:29,688 INFO [5a0505fc-b348-445c-a016-4887f238c6af_clean_9399a7cb-933a-489d-ab14-f64c7cdb7da4]         SlursBuilder.java:240  | Slurs: 0
2026-06-29 23:12:29,698 INFO [5a0505fc-b348-445c-a016-4887f238c6af_clean_9399a7cb-933a-489d-ab14-f64c7cdb7da4]      SegmentsBuilder.java:155  | Segments: 0
2026-06-29 23:12:29,716 INFO [5a0505fc-b348-445c-a016-4887f238c6af_clean_9399a7cb-933a-489d-ab14-f64c7cdb7da4]       StepMonitoring.java:98   | SYMBOLS
2026-06-29 23:12:30,942 INFO [5a0505fc-b348-445c-a016-4887f238c6af_clean_9399a7cb-933a-489d-ab14-f64c7cdb7da4]       StepMonitoring.java:98   | LINKS
2026-06-29 23:12:31,066 INFO [5a0505fc-b348-445c-a016-4887f238c6af_clean_9399a7cb-933a-489d-ab14-f64c7cdb7da4]       StepMonitoring.java:98   | RHYTHMS
2026-06-29 23:12:31,261 INFO [5a0505fc-b348-445c-a016-4887f238c6af_clean_9399a7cb-933a-489d-ab14-f64c7cdb7da4]        MeasureRhythm.java:1044 | Measure{#21} No timeOffset for HeadChordInter#7728{(0.951/0.951) staff:9 slot#4 dur:1/16}
2026-06-29 23:12:31,262 INFO [5a0505fc-b348-445c-a016-4887f238c6af_clean_9399a7cb-933a-489d-ab14-f64c7cdb7da4]   AbstractChordInter.java:627  | Measure{#21} No timeOffset for HeadChordInter#7729{(0.948/0.948) staff:9 slot#5 dur:1/16}
2026-06-29 23:12:31,263 INFO [5a0505fc-b348-445c-a016-4887f238c6af_clean_9399a7cb-933a-489d-ab14-f64c7cdb7da4]        MeasureRhythm.java:1044 | Measure{#21} No timeOffset for RestChordInter#8395{(0.799/0.799) staff:10 slot#5 dur:1/16}
2026-06-29 23:12:31,264 INFO [5a0505fc-b348-445c-a016-4887f238c6af_clean_9399a7cb-933a-489d-ab14-f64c7cdb7da4]                Voice.java:257  | Measure{#21} Voice{#5 excess:1/16} too long
2026-06-29 23:12:31,265 INFO [5a0505fc-b348-445c-a016-4887f238c6af_clean_9399a7cb-933a-489d-ab14-f64c7cdb7da4]          StackRhythm.java:224  | S5 MeasureStack#21 no correct rhythm
2026-06-29 23:12:31,267 INFO [5a0505fc-b348-445c-a016-4887f238c6af_clean_9399a7cb-933a-489d-ab14-f64c7cdb7da4]       StepMonitoring.java:98   | PAGE
2026-06-29 23:12:31,282 INFO [5a0505fc-b348-445c-a016-4887f238c6af_clean_9399a7cb-933a-489d-ab14-f64c7cdb7da4]                Voice.java:257  | Measure{#21} Voice{#5 excess:1/16} too long
2026-06-29 23:12:31,284 INFO [5a0505fc-b348-445c-a016-4887f238c6af_clean_9399a7cb-933a-489d-ab14-f64c7cdb7da4]                 Book.java:2584 | Book{5a0505fc-b348-445c-a016-4887f238c6af_clean_9399a7cb-933a-489d-ab14-f64c7cdb7da4} storing
2026-06-29 23:12:31,428 INFO [5a0505fc-b348-445c-a016-4887f238c6af_clean_9399a7cb-933a-489d-ab14-f64c7cdb7da4]                 Book.java:2565 | Stored /book.xml
2026-06-29 23:12:31,715 INFO [5a0505fc-b348-445c-a016-4887f238c6af_clean_9399a7cb-933a-489d-ab14-f64c7cdb7da4]           DataHolder.java:348  | Stored /sheet#1/BINARY.png
2026-06-29 23:12:33,792 INFO [5a0505fc-b348-445c-a016-4887f238c6af_clean_9399a7cb-933a-489d-ab14-f64c7cdb7da4]                Sheet.java:1583 | Stored /sheet#1/sheet#1.xml
2026-06-29 23:12:33,792 INFO [5a0505fc-b348-445c-a016-4887f238c6af_clean_9399a7cb-933a-489d-ab14-f64c7cdb7da4]                 Book.java:2525 | Book stored as C:\ReactNative\music-app\MeloNote\backend\outputs\5a0505fc-b348-445c-a016-4887f238c6af_clean_9399a7cb-933a-489d-ab14-f64c7cdb7da4.omr
2026-06-29 23:12:33,801 INFO [5a0505fc-b348-445c-a016-4887f238c6af_clean_9399a7cb-933a-489d-ab14-f64c7cdb7da4]            SheetStub.java:1655 | Sheet disposed
2026-06-29 23:12:33,864 INFO [5a0505fc-b348-445c-a016-4887f238c6af_clean_9399a7cb-933a-489d-ab14-f64c7cdb7da4]                 Book.java:2050 | End of Stub#1
2026-06-29 23:12:33,866 INFO [5a0505fc-b348-445c-a016-4887f238c6af_clean_9399a7cb-933a-489d-ab14-f64c7cdb7da4]                 Book.java:2057 | End of Book{5a0505fc-b348-445c-a016-4887f238c6af_clean_9399a7cb-933a-489d-ab14-f64c7cdb7da4}
2026-06-29 23:12:35,280 INFO [5a0505fc-b348-445c-a016-4887f238c6af_clean_9399a7cb-933a-489d-ab14-f64c7cdb7da4]            SheetStub.java:1000 | Loaded /sheet#1/sheet#1.xml
2026-06-29 23:12:36,154 INFO [5a0505fc-b348-445c-a016-4887f238c6af_clean_9399a7cb-933a-489d-ab14-f64c7cdb7da4]      PartwiseBuilder.java:2706 | Exporting sheet(s): [#1]
2026-06-29 23:12:36,173 WARN [5a0505fc-b348-445c-a016-4887f238c6af_clean_9399a7cb-933a-489d-ab14-f64c7cdb7da4]      PartwiseBuilder.java:1615 | Error visiting MetronomeInter#7467{<invalid-internals>} in {Page#1.1}
java.lang.NullPointerException: Cannot invoke "org.audiveris.omr.sig.inter.BeatUnitInter$Note.toMusicXml()" because "note" is null
	at org.audiveris.omr.score.PartwiseBuilder.processDirection(PartwiseBuilder.java:1574)
	at org.audiveris.omr.score.PartwiseBuilder.processNote(PartwiseBuilder.java:2267)
	at org.audiveris.omr.score.PartwiseBuilder.processChord(PartwiseBuilder.java:1394)
	at org.audiveris.omr.score.PartwiseBuilder.processMeasure(PartwiseBuilder.java:2135)
	at org.audiveris.omr.score.PartwiseBuilder.processPart(PartwiseBuilder.java:2677)
	at org.audiveris.omr.score.PartwiseBuilder.processSystem(PartwiseBuilder.java:3222)
	at org.audiveris.omr.score.PartwiseBuilder.processLogicalPart(PartwiseBuilder.java:1874)
	at org.audiveris.omr.score.PartwiseBuilder.processStub(PartwiseBuilder.java:3173)
	at org.audiveris.omr.score.PartwiseBuilder.processPartList(PartwiseBuilder.java:2709)
	at org.audiveris.omr.score.PartwiseBuilder.processScore(PartwiseBuilder.java:2984)
	at org.audiveris.omr.score.PartwiseBuilder.build(PartwiseBuilder.java:3542)
	at org.audiveris.omr.score.ScoreExporter.export(ScoreExporter.java:122)
	at org.audiveris.omr.score.ScoreExporter.export(ScoreExporter.java:163)
	at org.audiveris.omr.sheet.Book.export(Book.java:630)
	at org.audiveris.omr.CLI$ProcessingTask.processBook(CLI.java:927)
	at org.audiveris.omr.CLI$CliTask.call(CLI.java:513)
	at org.audiveris.omr.Main.runBatchTasks(Main.java:361)
	at org.audiveris.omr.Main.main(Main.java:263)
	at Audiveris.main(Audiveris.java:50)
2026-06-29 23:12:36,501 INFO [5a0505fc-b348-445c-a016-4887f238c6af_clean_9399a7cb-933a-489d-ab14-f64c7cdb7da4]        ScoreExporter.java:164  | Score 5a0505fc-b348-445c-a016-4887f238c6af_clean_9399a7cb-933a-489d-ab14-f64c7cdb7da4 exported to C:\ReactNative\music-app\MeloNote\backend\outputs\5a0505fc-b348-445c-a016-4887f238c6af_clean_9399a7cb-933a-489d-ab14-f64c7cdb7da4.mxl
2026-06-29 23:12:36,585 INFO [5a0505fc-b348-445c-a016-4887f238c6af_clean_9399a7cb-933a-489d-ab14-f64c7cdb7da4]                Score.java:181  | Closing {Score 1}
