2026-06-29 22:50:19,534 INFO [7689d02d-75a1-4576-be32-0b8786569708_clean_0d183911-c9c8-470e-acfa-21154fe83348]                 Book.java:560  | 1 sheet in C:\ReactNative\music-app\MeloNote\backend\temp\7689d02d-75a1-4576-be32-0b8786569708_clean_0d183911-c9c8-470e-acfa-21154fe83348.jpeg
2026-06-29 22:50:19,934 INFO []                 Book.java:2565 | Stored /book.xml
2026-06-29 22:50:19,935 INFO []                 Book.java:2525 | Book stored as C:\ReactNative\music-app\MeloNote\backend\outputs\7689d02d-75a1-4576-be32-0b8786569708_clean_0d183911-c9c8-470e-acfa-21154fe83348.omr
2026-06-29 22:50:19,950 INFO []                 Book.java:1929 | Book reaching PAGE on sheets:[#1]
2026-06-29 22:50:19,953 INFO [7689d02d-75a1-4576-be32-0b8786569708_clean_0d183911-c9c8-470e-acfa-21154fe83348]       StepMonitoring.java:98   | LOAD
2026-06-29 22:50:20,729 INFO [7689d02d-75a1-4576-be32-0b8786569708_clean_0d183911-c9c8-470e-acfa-21154fe83348]            SheetStub.java:1278 | Loaded image #1 2800x3957 from C:\ReactNative\music-app\MeloNote\backend\temp\7689d02d-75a1-4576-be32-0b8786569708_clean_0d183911-c9c8-470e-acfa-21154fe83348.jpeg
2026-06-29 22:50:20,735 INFO [7689d02d-75a1-4576-be32-0b8786569708_clean_0d183911-c9c8-470e-acfa-21154fe83348]       StepMonitoring.java:98   | BINARY
2026-06-29 22:50:22,610 INFO [7689d02d-75a1-4576-be32-0b8786569708_clean_0d183911-c9c8-470e-acfa-21154fe83348]       StepMonitoring.java:98   | SCALE
2026-06-29 22:50:22,687 INFO [7689d02d-75a1-4576-be32-0b8786569708_clean_0d183911-c9c8-470e-acfa-21154fe83348]         ScaleBuilder.java:255  | Beam  guessed height: 15 -- mid of [8..23]
2026-06-29 22:50:22,700 INFO [7689d02d-75a1-4576-be32-0b8786569708_clean_0d183911-c9c8-470e-acfa-21154fe83348]         ScaleBuilder.java:271  | Beam measured height: 12 -- 0.27 of [8..23] range at 507% of needed quorum
2026-06-29 22:50:22,702 INFO [7689d02d-75a1-4576-be32-0b8786569708_clean_0d183911-c9c8-470e-acfa-21154fe83348]         ScaleBuilder.java:401  | Normalized black jitter: 20.83 %
2026-06-29 22:50:22,703 INFO [7689d02d-75a1-4576-be32-0b8786569708_clean_0d183911-c9c8-470e-acfa-21154fe83348]            ScaleStep.java:65   | Scale{ interline(22,24,25) line(3,7,8) beam(12)}
2026-06-29 22:50:22,705 INFO [7689d02d-75a1-4576-be32-0b8786569708_clean_0d183911-c9c8-470e-acfa-21154fe83348]       StepMonitoring.java:98   | GRID
2026-06-29 22:50:24,756 INFO [7689d02d-75a1-4576-be32-0b8786569708_clean_0d183911-c9c8-470e-acfa-21154fe83348]       LinesRetriever.java:1500 | Global slope: 0.00026
2026-06-29 22:50:24,991 INFO [7689d02d-75a1-4576-be32-0b8786569708_clean_0d183911-c9c8-470e-acfa-21154fe83348]    ClustersRetriever.java:326  | Retrieved raw line clusters: 10 of sizes [5] with interline(22,24,25)
2026-06-29 22:50:26,178 INFO [7689d02d-75a1-4576-be32-0b8786569708_clean_0d183911-c9c8-470e-acfa-21154fe83348]            PeakGraph.java:310  | Systems: #1[1, 2] #2[3, 4] #3[5, 6] #4[7, 8] #5[9, 10]
2026-06-29 22:50:27,902 INFO [7689d02d-75a1-4576-be32-0b8786569708_clean_0d183911-c9c8-470e-acfa-21154fe83348]        SystemManager.java:779  | 1 part along 5 systems
2026-06-29 22:50:27,903 INFO [7689d02d-75a1-4576-be32-0b8786569708_clean_0d183911-c9c8-470e-acfa-21154fe83348]                 Book.java:543  | Created scores: [{Score 1}]
2026-06-29 22:50:27,905 INFO [7689d02d-75a1-4576-be32-0b8786569708_clean_0d183911-c9c8-470e-acfa-21154fe83348]       StepMonitoring.java:98   | HEADERS
2026-06-29 22:50:31,097 INFO [7689d02d-75a1-4576-be32-0b8786569708_clean_0d183911-c9c8-470e-acfa-21154fe83348]       StepMonitoring.java:98   | STEM_SEEDS
2026-06-29 22:50:31,345 INFO [7689d02d-75a1-4576-be32-0b8786569708_clean_0d183911-c9c8-470e-acfa-21154fe83348]        StemSeedsStep.java:86   | stem(5 max:6)
2026-06-29 22:50:31,638 INFO [7689d02d-75a1-4576-be32-0b8786569708_clean_0d183911-c9c8-470e-acfa-21154fe83348]       StepMonitoring.java:98   | BEAMS
2026-06-29 22:50:46,563 INFO [7689d02d-75a1-4576-be32-0b8786569708_clean_0d183911-c9c8-470e-acfa-21154fe83348]       StepMonitoring.java:98   | LEDGERS
2026-06-29 22:50:48,218 INFO [7689d02d-75a1-4576-be32-0b8786569708_clean_0d183911-c9c8-470e-acfa-21154fe83348]       StepMonitoring.java:98   | HEADS
2026-06-29 22:51:16,893 INFO [7689d02d-75a1-4576-be32-0b8786569708_clean_0d183911-c9c8-470e-acfa-21154fe83348]        HeadSeedTally.java:235  | Scale information: HeadSeeds{NOTEHEAD_VOID[L:-0.4,R:-0.5] NOTEHEAD_BLACK[L:0.7,R:0.7]}
2026-06-29 22:51:16,895 INFO [7689d02d-75a1-4576-be32-0b8786569708_clean_0d183911-c9c8-470e-acfa-21154fe83348]       StepMonitoring.java:98   | STEMS
2026-06-29 22:51:22,097 INFO [7689d02d-75a1-4576-be32-0b8786569708_clean_0d183911-c9c8-470e-acfa-21154fe83348]       StepMonitoring.java:98   | REDUCTION
2026-06-29 22:51:23,419 INFO [7689d02d-75a1-4576-be32-0b8786569708_clean_0d183911-c9c8-470e-acfa-21154fe83348]        ReductionStep.java:105  | Stems free length median value: 86 pixels, 3.6 interlines
2026-06-29 22:51:23,438 INFO [7689d02d-75a1-4576-be32-0b8786569708_clean_0d183911-c9c8-470e-acfa-21154fe83348]       StepMonitoring.java:98   | CUE_BEAMS
2026-06-29 22:51:23,439 INFO [7689d02d-75a1-4576-be32-0b8786569708_clean_0d183911-c9c8-470e-acfa-21154fe83348]         CueBeamsStep.java:81   | Step CUE_BEAMS is skipped because small heads switch is off
2026-06-29 22:51:23,448 INFO [7689d02d-75a1-4576-be32-0b8786569708_clean_0d183911-c9c8-470e-acfa-21154fe83348]       StepMonitoring.java:98   | TEXTS
2026-06-29 22:51:26,665 INFO [7689d02d-75a1-4576-be32-0b8786569708_clean_0d183911-c9c8-470e-acfa-21154fe83348]       MetronomeInter.java:1410 | Metronome. Non recognized note for glyph#7338
2026-06-29 22:51:26,685 INFO [7689d02d-75a1-4576-be32-0b8786569708_clean_0d183911-c9c8-470e-acfa-21154fe83348]       StepMonitoring.java:98   | MEASURES
2026-06-29 22:51:26,737 INFO [7689d02d-75a1-4576-be32-0b8786569708_clean_0d183911-c9c8-470e-acfa-21154fe83348]                 Page.java:307  | 22 raw measures: [4 in system#1, 4 in system#2, 4 in system#3, 4 in system#4, 6 in system#5]
2026-06-29 22:51:26,738 INFO [7689d02d-75a1-4576-be32-0b8786569708_clean_0d183911-c9c8-470e-acfa-21154fe83348]       StepMonitoring.java:98   | CHORDS
2026-06-29 22:51:26,868 INFO [7689d02d-75a1-4576-be32-0b8786569708_clean_0d183911-c9c8-470e-acfa-21154fe83348]       StepMonitoring.java:98   | CURVES
2026-06-29 22:51:31,265 INFO [7689d02d-75a1-4576-be32-0b8786569708_clean_0d183911-c9c8-470e-acfa-21154fe83348]         SlursBuilder.java:240  | Slurs: 0
2026-06-29 22:51:31,279 INFO [7689d02d-75a1-4576-be32-0b8786569708_clean_0d183911-c9c8-470e-acfa-21154fe83348]      SegmentsBuilder.java:155  | Segments: 0
2026-06-29 22:51:31,299 INFO [7689d02d-75a1-4576-be32-0b8786569708_clean_0d183911-c9c8-470e-acfa-21154fe83348]       StepMonitoring.java:98   | SYMBOLS
2026-06-29 22:51:33,363 INFO [7689d02d-75a1-4576-be32-0b8786569708_clean_0d183911-c9c8-470e-acfa-21154fe83348]       StepMonitoring.java:98   | LINKS
2026-06-29 22:51:33,562 INFO [7689d02d-75a1-4576-be32-0b8786569708_clean_0d183911-c9c8-470e-acfa-21154fe83348]       StepMonitoring.java:98   | RHYTHMS
2026-06-29 22:51:34,121 INFO [7689d02d-75a1-4576-be32-0b8786569708_clean_0d183911-c9c8-470e-acfa-21154fe83348]        MeasureRhythm.java:1044 | Measure{#21} No timeOffset for HeadChordInter#7627{(0.951/0.951) staff:9 slot#4 dur:1/16}
2026-06-29 22:51:34,134 INFO [7689d02d-75a1-4576-be32-0b8786569708_clean_0d183911-c9c8-470e-acfa-21154fe83348]   AbstractChordInter.java:627  | Measure{#21} No timeOffset for HeadChordInter#7628{(0.948/0.948) staff:9 slot#5 dur:1/16}
2026-06-29 22:51:34,135 INFO [7689d02d-75a1-4576-be32-0b8786569708_clean_0d183911-c9c8-470e-acfa-21154fe83348]        MeasureRhythm.java:1044 | Measure{#21} No timeOffset for RestChordInter#8294{(0.799/0.799) staff:10 slot#5 dur:1/16}
2026-06-29 22:51:34,137 INFO [7689d02d-75a1-4576-be32-0b8786569708_clean_0d183911-c9c8-470e-acfa-21154fe83348]                Voice.java:257  | Measure{#21} Voice{#5 excess:1/16} too long
2026-06-29 22:51:34,138 INFO [7689d02d-75a1-4576-be32-0b8786569708_clean_0d183911-c9c8-470e-acfa-21154fe83348]          StackRhythm.java:224  | S5 MeasureStack#21 no correct rhythm
2026-06-29 22:51:34,154 INFO [7689d02d-75a1-4576-be32-0b8786569708_clean_0d183911-c9c8-470e-acfa-21154fe83348]       StepMonitoring.java:98   | PAGE
2026-06-29 22:51:34,233 INFO [7689d02d-75a1-4576-be32-0b8786569708_clean_0d183911-c9c8-470e-acfa-21154fe83348]                Voice.java:257  | Measure{#21} Voice{#5 excess:1/16} too long
2026-06-29 22:51:34,239 INFO [7689d02d-75a1-4576-be32-0b8786569708_clean_0d183911-c9c8-470e-acfa-21154fe83348]                 Book.java:2584 | Book{7689d02d-75a1-4576-be32-0b8786569708_clean_0d183911-c9c8-470e-acfa-21154fe83348} storing
2026-06-29 22:51:34,462 INFO [7689d02d-75a1-4576-be32-0b8786569708_clean_0d183911-c9c8-470e-acfa-21154fe83348]                 Book.java:2565 | Stored /book.xml
2026-06-29 22:51:34,852 INFO [7689d02d-75a1-4576-be32-0b8786569708_clean_0d183911-c9c8-470e-acfa-21154fe83348]           DataHolder.java:348  | Stored /sheet#1/BINARY.png
2026-06-29 22:51:37,804 INFO [7689d02d-75a1-4576-be32-0b8786569708_clean_0d183911-c9c8-470e-acfa-21154fe83348]                Sheet.java:1583 | Stored /sheet#1/sheet#1.xml
2026-06-29 22:51:37,805 INFO [7689d02d-75a1-4576-be32-0b8786569708_clean_0d183911-c9c8-470e-acfa-21154fe83348]                 Book.java:2525 | Book stored as C:\ReactNative\music-app\MeloNote\backend\outputs\7689d02d-75a1-4576-be32-0b8786569708_clean_0d183911-c9c8-470e-acfa-21154fe83348.omr
2026-06-29 22:51:37,820 INFO [7689d02d-75a1-4576-be32-0b8786569708_clean_0d183911-c9c8-470e-acfa-21154fe83348]            SheetStub.java:1655 | Sheet disposed
2026-06-29 22:51:37,915 INFO [7689d02d-75a1-4576-be32-0b8786569708_clean_0d183911-c9c8-470e-acfa-21154fe83348]                 Book.java:2050 | End of Stub#1
2026-06-29 22:51:37,917 INFO [7689d02d-75a1-4576-be32-0b8786569708_clean_0d183911-c9c8-470e-acfa-21154fe83348]                 Book.java:2057 | End of Book{7689d02d-75a1-4576-be32-0b8786569708_clean_0d183911-c9c8-470e-acfa-21154fe83348}
2026-06-29 22:51:41,261 INFO [7689d02d-75a1-4576-be32-0b8786569708_clean_0d183911-c9c8-470e-acfa-21154fe83348]            SheetStub.java:1000 | Loaded /sheet#1/sheet#1.xml
2026-06-29 22:51:42,453 INFO [7689d02d-75a1-4576-be32-0b8786569708_clean_0d183911-c9c8-470e-acfa-21154fe83348]      PartwiseBuilder.java:2706 | Exporting sheet(s): [#1]
2026-06-29 22:51:42,468 WARN [7689d02d-75a1-4576-be32-0b8786569708_clean_0d183911-c9c8-470e-acfa-21154fe83348]      PartwiseBuilder.java:1615 | Error visiting MetronomeInter#7366{<invalid-internals>} in {Page#1.1}
java.lang.NullPointerException: Cannot invoke "org.audiveris.omr.sig.inter.BeatUnitInter$Note.toMusicXml()" because "note" is null
	at org.audiveris.omr.score.PartwiseBuilder.processDirection(PartwiseBuilder.java:1574)
	at org.audiveris.omr.score.PartwiseBuilder.processNote(PartwiseBuilder.java:2267)
	at org.audiveris.omr.score.PartwiseBuilder.processChord(PartwiseBuilder.java:1394)
	at org.audiveris.omr.score.PartwiseBuilder.processMeasure(PartwiseBuilder.java:2135)
	at org.audiveris.omr.score.PartwiseBuilder.processPart(PartwiseBuilder.java:2677)
	at org.audiveris.omr.score.PartwiseBuilder.processSystem(PartwiseBuilder.java:3222)
	at org.audiveris.omr.score.PartwiseBuilder.processLogicalPart(PartwiseBuilder.java:1874)
	at org.audiveris.omr.score.PartwiseBuilder.processStub(PartwiseBuilder.java:3173)
	at org.audiveris.omr.score.PartwiseBuilder.processPartList(PartwiseBuilder.java:2709)
	at org.audiveris.omr.score.PartwiseBuilder.processScore(PartwiseBuilder.java:2984)
	at org.audiveris.omr.score.PartwiseBuilder.build(PartwiseBuilder.java:3542)
	at org.audiveris.omr.score.ScoreExporter.export(ScoreExporter.java:122)
	at org.audiveris.omr.score.ScoreExporter.export(ScoreExporter.java:163)
	at org.audiveris.omr.sheet.Book.export(Book.java:630)
	at org.audiveris.omr.CLI$ProcessingTask.processBook(CLI.java:927)
	at org.audiveris.omr.CLI$CliTask.call(CLI.java:513)
	at org.audiveris.omr.Main.runBatchTasks(Main.java:361)
	at org.audiveris.omr.Main.main(Main.java:263)
	at Audiveris.main(Audiveris.java:50)
2026-06-29 22:51:43,009 INFO [7689d02d-75a1-4576-be32-0b8786569708_clean_0d183911-c9c8-470e-acfa-21154fe83348]        ScoreExporter.java:164  | Score 7689d02d-75a1-4576-be32-0b8786569708_clean_0d183911-c9c8-470e-acfa-21154fe83348 exported to C:\ReactNative\music-app\MeloNote\backend\outputs\7689d02d-75a1-4576-be32-0b8786569708_clean_0d183911-c9c8-470e-acfa-21154fe83348.mxl
2026-06-29 22:51:43,139 INFO [7689d02d-75a1-4576-be32-0b8786569708_clean_0d183911-c9c8-470e-acfa-21154fe83348]                Score.java:181  | Closing {Score 1}
