2026-06-29 23:33:27,450 INFO [9e65875f-4fa0-4cbe-a8d6-ea58b2b1cdf1_clean_537462b8-dbcb-469a-9531-3f7f8fe11946]                 Book.java:560  | 1 sheet in C:\ReactNative\music-app\MeloNote\backend\temp\9e65875f-4fa0-4cbe-a8d6-ea58b2b1cdf1_clean_537462b8-dbcb-469a-9531-3f7f8fe11946.jpeg
2026-06-29 23:33:27,866 INFO []                 Book.java:2565 | Stored /book.xml
2026-06-29 23:33:27,867 INFO []                 Book.java:2525 | Book stored as C:\ReactNative\music-app\MeloNote\backend\outputs\9e65875f-4fa0-4cbe-a8d6-ea58b2b1cdf1_clean_537462b8-dbcb-469a-9531-3f7f8fe11946.omr
2026-06-29 23:33:27,880 INFO []                 Book.java:1929 | Book reaching PAGE on sheets:[#1]
2026-06-29 23:33:27,884 INFO [9e65875f-4fa0-4cbe-a8d6-ea58b2b1cdf1_clean_537462b8-dbcb-469a-9531-3f7f8fe11946]       StepMonitoring.java:98   | LOAD
2026-06-29 23:33:28,636 INFO [9e65875f-4fa0-4cbe-a8d6-ea58b2b1cdf1_clean_537462b8-dbcb-469a-9531-3f7f8fe11946]            SheetStub.java:1278 | Loaded image #1 2800x3957 from C:\ReactNative\music-app\MeloNote\backend\temp\9e65875f-4fa0-4cbe-a8d6-ea58b2b1cdf1_clean_537462b8-dbcb-469a-9531-3f7f8fe11946.jpeg
2026-06-29 23:33:28,642 INFO [9e65875f-4fa0-4cbe-a8d6-ea58b2b1cdf1_clean_537462b8-dbcb-469a-9531-3f7f8fe11946]       StepMonitoring.java:98   | BINARY
2026-06-29 23:33:30,798 INFO [9e65875f-4fa0-4cbe-a8d6-ea58b2b1cdf1_clean_537462b8-dbcb-469a-9531-3f7f8fe11946]       StepMonitoring.java:98   | SCALE
2026-06-29 23:33:30,873 INFO [9e65875f-4fa0-4cbe-a8d6-ea58b2b1cdf1_clean_537462b8-dbcb-469a-9531-3f7f8fe11946]         ScaleBuilder.java:255  | Beam  guessed height: 15 -- mid of [8..23]
2026-06-29 23:33:30,878 INFO [9e65875f-4fa0-4cbe-a8d6-ea58b2b1cdf1_clean_537462b8-dbcb-469a-9531-3f7f8fe11946]         ScaleBuilder.java:271  | Beam measured height: 12 -- 0.27 of [8..23] range at 507% of needed quorum
2026-06-29 23:33:30,879 INFO [9e65875f-4fa0-4cbe-a8d6-ea58b2b1cdf1_clean_537462b8-dbcb-469a-9531-3f7f8fe11946]         ScaleBuilder.java:401  | Normalized black jitter: 20.83 %
2026-06-29 23:33:30,880 INFO [9e65875f-4fa0-4cbe-a8d6-ea58b2b1cdf1_clean_537462b8-dbcb-469a-9531-3f7f8fe11946]            ScaleStep.java:65   | Scale{ interline(22,24,25) line(3,7,8) beam(12)}
2026-06-29 23:33:30,885 INFO [9e65875f-4fa0-4cbe-a8d6-ea58b2b1cdf1_clean_537462b8-dbcb-469a-9531-3f7f8fe11946]       StepMonitoring.java:98   | GRID
2026-06-29 23:33:32,938 INFO [9e65875f-4fa0-4cbe-a8d6-ea58b2b1cdf1_clean_537462b8-dbcb-469a-9531-3f7f8fe11946]       LinesRetriever.java:1500 | Global slope: 0.00026
2026-06-29 23:33:33,133 INFO [9e65875f-4fa0-4cbe-a8d6-ea58b2b1cdf1_clean_537462b8-dbcb-469a-9531-3f7f8fe11946]    ClustersRetriever.java:326  | Retrieved raw line clusters: 10 of sizes [5] with interline(22,24,25)
2026-06-29 23:33:34,258 INFO [9e65875f-4fa0-4cbe-a8d6-ea58b2b1cdf1_clean_537462b8-dbcb-469a-9531-3f7f8fe11946]            PeakGraph.java:310  | Systems: #1[1, 2] #2[3, 4] #3[5, 6] #4[7, 8] #5[9, 10]
2026-06-29 23:33:35,914 INFO [9e65875f-4fa0-4cbe-a8d6-ea58b2b1cdf1_clean_537462b8-dbcb-469a-9531-3f7f8fe11946]        SystemManager.java:779  | 1 part along 5 systems
2026-06-29 23:33:35,916 INFO [9e65875f-4fa0-4cbe-a8d6-ea58b2b1cdf1_clean_537462b8-dbcb-469a-9531-3f7f8fe11946]                 Book.java:543  | Created scores: [{Score 1}]
2026-06-29 23:33:35,917 INFO [9e65875f-4fa0-4cbe-a8d6-ea58b2b1cdf1_clean_537462b8-dbcb-469a-9531-3f7f8fe11946]       StepMonitoring.java:98   | HEADERS
2026-06-29 23:33:38,966 INFO [9e65875f-4fa0-4cbe-a8d6-ea58b2b1cdf1_clean_537462b8-dbcb-469a-9531-3f7f8fe11946]       StepMonitoring.java:98   | STEM_SEEDS
2026-06-29 23:33:39,190 INFO [9e65875f-4fa0-4cbe-a8d6-ea58b2b1cdf1_clean_537462b8-dbcb-469a-9531-3f7f8fe11946]        StemSeedsStep.java:86   | stem(5 max:6)
2026-06-29 23:33:39,429 INFO [9e65875f-4fa0-4cbe-a8d6-ea58b2b1cdf1_clean_537462b8-dbcb-469a-9531-3f7f8fe11946]       StepMonitoring.java:98   | BEAMS
2026-06-29 23:33:51,998 INFO [9e65875f-4fa0-4cbe-a8d6-ea58b2b1cdf1_clean_537462b8-dbcb-469a-9531-3f7f8fe11946]       StepMonitoring.java:98   | LEDGERS
2026-06-29 23:33:52,595 INFO [9e65875f-4fa0-4cbe-a8d6-ea58b2b1cdf1_clean_537462b8-dbcb-469a-9531-3f7f8fe11946]       StepMonitoring.java:98   | HEADS
2026-06-29 23:34:11,778 INFO [9e65875f-4fa0-4cbe-a8d6-ea58b2b1cdf1_clean_537462b8-dbcb-469a-9531-3f7f8fe11946]        HeadSeedTally.java:235  | Scale information: HeadSeeds{NOTEHEAD_VOID[L:-0.4,R:-0.5] NOTEHEAD_BLACK[L:0.7,R:0.7]}
2026-06-29 23:34:11,779 INFO [9e65875f-4fa0-4cbe-a8d6-ea58b2b1cdf1_clean_537462b8-dbcb-469a-9531-3f7f8fe11946]       StepMonitoring.java:98   | STEMS
2026-06-29 23:34:14,026 INFO [9e65875f-4fa0-4cbe-a8d6-ea58b2b1cdf1_clean_537462b8-dbcb-469a-9531-3f7f8fe11946]       StepMonitoring.java:98   | REDUCTION
2026-06-29 23:34:14,482 INFO [9e65875f-4fa0-4cbe-a8d6-ea58b2b1cdf1_clean_537462b8-dbcb-469a-9531-3f7f8fe11946]        ReductionStep.java:105  | Stems free length median value: 86 pixels, 3.6 interlines
2026-06-29 23:34:14,496 INFO [9e65875f-4fa0-4cbe-a8d6-ea58b2b1cdf1_clean_537462b8-dbcb-469a-9531-3f7f8fe11946]       StepMonitoring.java:98   | CUE_BEAMS
2026-06-29 23:34:14,497 INFO [9e65875f-4fa0-4cbe-a8d6-ea58b2b1cdf1_clean_537462b8-dbcb-469a-9531-3f7f8fe11946]         CueBeamsStep.java:81   | Step CUE_BEAMS is skipped because small heads switch is off
2026-06-29 23:34:14,497 INFO [9e65875f-4fa0-4cbe-a8d6-ea58b2b1cdf1_clean_537462b8-dbcb-469a-9531-3f7f8fe11946]       StepMonitoring.java:98   | TEXTS
2026-06-29 23:34:16,332 INFO [9e65875f-4fa0-4cbe-a8d6-ea58b2b1cdf1_clean_537462b8-dbcb-469a-9531-3f7f8fe11946]       MetronomeInter.java:1410 | Metronome. Non recognized note for glyph#7452
2026-06-29 23:34:16,348 INFO [9e65875f-4fa0-4cbe-a8d6-ea58b2b1cdf1_clean_537462b8-dbcb-469a-9531-3f7f8fe11946]       StepMonitoring.java:98   | MEASURES
2026-06-29 23:34:16,369 INFO [9e65875f-4fa0-4cbe-a8d6-ea58b2b1cdf1_clean_537462b8-dbcb-469a-9531-3f7f8fe11946]                 Page.java:307  | 22 raw measures: [4 in system#1, 4 in system#2, 4 in system#3, 4 in system#4, 6 in system#5]
2026-06-29 23:34:16,370 INFO [9e65875f-4fa0-4cbe-a8d6-ea58b2b1cdf1_clean_537462b8-dbcb-469a-9531-3f7f8fe11946]       StepMonitoring.java:98   | CHORDS
2026-06-29 23:34:16,422 INFO [9e65875f-4fa0-4cbe-a8d6-ea58b2b1cdf1_clean_537462b8-dbcb-469a-9531-3f7f8fe11946]       StepMonitoring.java:98   | CURVES
2026-06-29 23:34:18,927 INFO [9e65875f-4fa0-4cbe-a8d6-ea58b2b1cdf1_clean_537462b8-dbcb-469a-9531-3f7f8fe11946]         SlursBuilder.java:240  | Slurs: 0
2026-06-29 23:34:18,939 INFO [9e65875f-4fa0-4cbe-a8d6-ea58b2b1cdf1_clean_537462b8-dbcb-469a-9531-3f7f8fe11946]      SegmentsBuilder.java:155  | Segments: 0
2026-06-29 23:34:18,957 INFO [9e65875f-4fa0-4cbe-a8d6-ea58b2b1cdf1_clean_537462b8-dbcb-469a-9531-3f7f8fe11946]       StepMonitoring.java:98   | SYMBOLS
2026-06-29 23:34:19,982 INFO [9e65875f-4fa0-4cbe-a8d6-ea58b2b1cdf1_clean_537462b8-dbcb-469a-9531-3f7f8fe11946]       StepMonitoring.java:98   | LINKS
2026-06-29 23:34:20,089 INFO [9e65875f-4fa0-4cbe-a8d6-ea58b2b1cdf1_clean_537462b8-dbcb-469a-9531-3f7f8fe11946]       StepMonitoring.java:98   | RHYTHMS
2026-06-29 23:34:20,271 INFO [9e65875f-4fa0-4cbe-a8d6-ea58b2b1cdf1_clean_537462b8-dbcb-469a-9531-3f7f8fe11946]        MeasureRhythm.java:1044 | Measure{#21} No timeOffset for HeadChordInter#7741{(0.951/0.951) staff:9 slot#4 dur:1/16}
2026-06-29 23:34:20,272 INFO [9e65875f-4fa0-4cbe-a8d6-ea58b2b1cdf1_clean_537462b8-dbcb-469a-9531-3f7f8fe11946]   AbstractChordInter.java:627  | Measure{#21} No timeOffset for HeadChordInter#7742{(0.948/0.948) staff:9 slot#5 dur:1/16}
2026-06-29 23:34:20,273 INFO [9e65875f-4fa0-4cbe-a8d6-ea58b2b1cdf1_clean_537462b8-dbcb-469a-9531-3f7f8fe11946]        MeasureRhythm.java:1044 | Measure{#21} No timeOffset for RestChordInter#8407{(0.799/0.799) staff:10 slot#5 dur:1/16}
2026-06-29 23:34:20,274 INFO [9e65875f-4fa0-4cbe-a8d6-ea58b2b1cdf1_clean_537462b8-dbcb-469a-9531-3f7f8fe11946]                Voice.java:257  | Measure{#21} Voice{#5 excess:1/16} too long
2026-06-29 23:34:20,275 INFO [9e65875f-4fa0-4cbe-a8d6-ea58b2b1cdf1_clean_537462b8-dbcb-469a-9531-3f7f8fe11946]          StackRhythm.java:224  | S5 MeasureStack#21 no correct rhythm
2026-06-29 23:34:20,276 INFO [9e65875f-4fa0-4cbe-a8d6-ea58b2b1cdf1_clean_537462b8-dbcb-469a-9531-3f7f8fe11946]       StepMonitoring.java:98   | PAGE
2026-06-29 23:34:20,291 INFO [9e65875f-4fa0-4cbe-a8d6-ea58b2b1cdf1_clean_537462b8-dbcb-469a-9531-3f7f8fe11946]                Voice.java:257  | Measure{#21} Voice{#5 excess:1/16} too long
2026-06-29 23:34:20,293 INFO [9e65875f-4fa0-4cbe-a8d6-ea58b2b1cdf1_clean_537462b8-dbcb-469a-9531-3f7f8fe11946]                 Book.java:2584 | Book{9e65875f-4fa0-4cbe-a8d6-ea58b2b1cdf1_clean_537462b8-dbcb-469a-9531-3f7f8fe11946} storing
2026-06-29 23:34:20,425 INFO [9e65875f-4fa0-4cbe-a8d6-ea58b2b1cdf1_clean_537462b8-dbcb-469a-9531-3f7f8fe11946]                 Book.java:2565 | Stored /book.xml
2026-06-29 23:34:20,725 INFO [9e65875f-4fa0-4cbe-a8d6-ea58b2b1cdf1_clean_537462b8-dbcb-469a-9531-3f7f8fe11946]           DataHolder.java:348  | Stored /sheet#1/BINARY.png
2026-06-29 23:34:22,700 INFO [9e65875f-4fa0-4cbe-a8d6-ea58b2b1cdf1_clean_537462b8-dbcb-469a-9531-3f7f8fe11946]                Sheet.java:1583 | Stored /sheet#1/sheet#1.xml
2026-06-29 23:34:22,701 INFO [9e65875f-4fa0-4cbe-a8d6-ea58b2b1cdf1_clean_537462b8-dbcb-469a-9531-3f7f8fe11946]                 Book.java:2525 | Book stored as C:\ReactNative\music-app\MeloNote\backend\outputs\9e65875f-4fa0-4cbe-a8d6-ea58b2b1cdf1_clean_537462b8-dbcb-469a-9531-3f7f8fe11946.omr
2026-06-29 23:34:22,714 INFO [9e65875f-4fa0-4cbe-a8d6-ea58b2b1cdf1_clean_537462b8-dbcb-469a-9531-3f7f8fe11946]            SheetStub.java:1655 | Sheet disposed
2026-06-29 23:34:22,770 INFO [9e65875f-4fa0-4cbe-a8d6-ea58b2b1cdf1_clean_537462b8-dbcb-469a-9531-3f7f8fe11946]                 Book.java:2050 | End of Stub#1
2026-06-29 23:34:22,772 INFO [9e65875f-4fa0-4cbe-a8d6-ea58b2b1cdf1_clean_537462b8-dbcb-469a-9531-3f7f8fe11946]                 Book.java:2057 | End of Book{9e65875f-4fa0-4cbe-a8d6-ea58b2b1cdf1_clean_537462b8-dbcb-469a-9531-3f7f8fe11946}
2026-06-29 23:34:23,956 INFO [9e65875f-4fa0-4cbe-a8d6-ea58b2b1cdf1_clean_537462b8-dbcb-469a-9531-3f7f8fe11946]            SheetStub.java:1000 | Loaded /sheet#1/sheet#1.xml
2026-06-29 23:34:24,692 INFO [9e65875f-4fa0-4cbe-a8d6-ea58b2b1cdf1_clean_537462b8-dbcb-469a-9531-3f7f8fe11946]      PartwiseBuilder.java:2706 | Exporting sheet(s): [#1]
2026-06-29 23:34:24,707 WARN [9e65875f-4fa0-4cbe-a8d6-ea58b2b1cdf1_clean_537462b8-dbcb-469a-9531-3f7f8fe11946]      PartwiseBuilder.java:1615 | Error visiting MetronomeInter#7480{<invalid-internals>} in {Page#1.1}
java.lang.NullPointerException: Cannot invoke "org.audiveris.omr.sig.inter.BeatUnitInter$Note.toMusicXml()" because "note" is null
	at org.audiveris.omr.score.PartwiseBuilder.processDirection(PartwiseBuilder.java:1574)
	at org.audiveris.omr.score.PartwiseBuilder.processNote(PartwiseBuilder.java:2267)
	at org.audiveris.omr.score.PartwiseBuilder.processChord(PartwiseBuilder.java:1394)
	at org.audiveris.omr.score.PartwiseBuilder.processMeasure(PartwiseBuilder.java:2135)
	at org.audiveris.omr.score.PartwiseBuilder.processPart(PartwiseBuilder.java:2677)
	at org.audiveris.omr.score.PartwiseBuilder.processSystem(PartwiseBuilder.java:3222)
	at org.audiveris.omr.score.PartwiseBuilder.processLogicalPart(PartwiseBuilder.java:1874)
	at org.audiveris.omr.score.PartwiseBuilder.processStub(PartwiseBuilder.java:3173)
	at org.audiveris.omr.score.PartwiseBuilder.processPartList(PartwiseBuilder.java:2709)
	at org.audiveris.omr.score.PartwiseBuilder.processScore(PartwiseBuilder.java:2984)
	at org.audiveris.omr.score.PartwiseBuilder.build(PartwiseBuilder.java:3542)
	at org.audiveris.omr.score.ScoreExporter.export(ScoreExporter.java:122)
	at org.audiveris.omr.score.ScoreExporter.export(ScoreExporter.java:163)
	at org.audiveris.omr.sheet.Book.export(Book.java:630)
	at org.audiveris.omr.CLI$ProcessingTask.processBook(CLI.java:927)
	at org.audiveris.omr.CLI$CliTask.call(CLI.java:513)
	at org.audiveris.omr.Main.runBatchTasks(Main.java:361)
	at org.audiveris.omr.Main.main(Main.java:263)
	at Audiveris.main(Audiveris.java:50)
2026-06-29 23:34:24,980 INFO [9e65875f-4fa0-4cbe-a8d6-ea58b2b1cdf1_clean_537462b8-dbcb-469a-9531-3f7f8fe11946]        ScoreExporter.java:164  | Score 9e65875f-4fa0-4cbe-a8d6-ea58b2b1cdf1_clean_537462b8-dbcb-469a-9531-3f7f8fe11946 exported to C:\ReactNative\music-app\MeloNote\backend\outputs\9e65875f-4fa0-4cbe-a8d6-ea58b2b1cdf1_clean_537462b8-dbcb-469a-9531-3f7f8fe11946.mxl
2026-06-29 23:34:25,057 INFO [9e65875f-4fa0-4cbe-a8d6-ea58b2b1cdf1_clean_537462b8-dbcb-469a-9531-3f7f8fe11946]                Score.java:181  | Closing {Score 1}
