2026-06-29 21:47:59,261 INFO [a8f78b7b-3620-475d-8799-c3b31d609b55_clean_6c1e493d-f69f-4b15-aed4-ecb3720b2f54]                 Book.java:560  | 1 sheet in C:\ReactNative\music-app\MeloNote\backend\temp\a8f78b7b-3620-475d-8799-c3b31d609b55_clean_6c1e493d-f69f-4b15-aed4-ecb3720b2f54.jpeg
2026-06-29 21:47:59,632 INFO []                 Book.java:2565 | Stored /book.xml
2026-06-29 21:47:59,633 INFO []                 Book.java:2525 | Book stored as C:\ReactNative\music-app\MeloNote\backend\outputs\a8f78b7b-3620-475d-8799-c3b31d609b55_clean_6c1e493d-f69f-4b15-aed4-ecb3720b2f54.omr
2026-06-29 21:47:59,642 INFO []                 Book.java:1929 | Book reaching PAGE on sheets:[#1]
2026-06-29 21:47:59,645 INFO [a8f78b7b-3620-475d-8799-c3b31d609b55_clean_6c1e493d-f69f-4b15-aed4-ecb3720b2f54]       StepMonitoring.java:98   | LOAD
2026-06-29 21:48:00,286 INFO [a8f78b7b-3620-475d-8799-c3b31d609b55_clean_6c1e493d-f69f-4b15-aed4-ecb3720b2f54]            SheetStub.java:1278 | Loaded image #1 2800x3957 from C:\ReactNative\music-app\MeloNote\backend\temp\a8f78b7b-3620-475d-8799-c3b31d609b55_clean_6c1e493d-f69f-4b15-aed4-ecb3720b2f54.jpeg
2026-06-29 21:48:00,292 INFO [a8f78b7b-3620-475d-8799-c3b31d609b55_clean_6c1e493d-f69f-4b15-aed4-ecb3720b2f54]       StepMonitoring.java:98   | BINARY
2026-06-29 21:48:01,531 INFO [a8f78b7b-3620-475d-8799-c3b31d609b55_clean_6c1e493d-f69f-4b15-aed4-ecb3720b2f54]       StepMonitoring.java:98   | SCALE
2026-06-29 21:48:01,576 INFO [a8f78b7b-3620-475d-8799-c3b31d609b55_clean_6c1e493d-f69f-4b15-aed4-ecb3720b2f54]         ScaleBuilder.java:255  | Beam  guessed height: 15 -- mid of [8..23]
2026-06-29 21:48:01,578 INFO [a8f78b7b-3620-475d-8799-c3b31d609b55_clean_6c1e493d-f69f-4b15-aed4-ecb3720b2f54]         ScaleBuilder.java:271  | Beam measured height: 12 -- 0.27 of [8..23] range at 507% of needed quorum
2026-06-29 21:48:01,579 INFO [a8f78b7b-3620-475d-8799-c3b31d609b55_clean_6c1e493d-f69f-4b15-aed4-ecb3720b2f54]         ScaleBuilder.java:401  | Normalized black jitter: 20.83 %
2026-06-29 21:48:01,580 INFO [a8f78b7b-3620-475d-8799-c3b31d609b55_clean_6c1e493d-f69f-4b15-aed4-ecb3720b2f54]            ScaleStep.java:65   | Scale{ interline(22,24,25) line(3,7,8) beam(12)}
2026-06-29 21:48:01,582 INFO [a8f78b7b-3620-475d-8799-c3b31d609b55_clean_6c1e493d-f69f-4b15-aed4-ecb3720b2f54]       StepMonitoring.java:98   | GRID
2026-06-29 21:48:03,152 INFO [a8f78b7b-3620-475d-8799-c3b31d609b55_clean_6c1e493d-f69f-4b15-aed4-ecb3720b2f54]       LinesRetriever.java:1500 | Global slope: 0.00026
2026-06-29 21:48:03,240 INFO [a8f78b7b-3620-475d-8799-c3b31d609b55_clean_6c1e493d-f69f-4b15-aed4-ecb3720b2f54]    ClustersRetriever.java:326  | Retrieved raw line clusters: 10 of sizes [5] with interline(22,24,25)
2026-06-29 21:48:03,889 INFO [a8f78b7b-3620-475d-8799-c3b31d609b55_clean_6c1e493d-f69f-4b15-aed4-ecb3720b2f54]            PeakGraph.java:310  | Systems: #1[1, 2] #2[3, 4] #3[5, 6] #4[7, 8] #5[9, 10]
2026-06-29 21:48:05,059 INFO [a8f78b7b-3620-475d-8799-c3b31d609b55_clean_6c1e493d-f69f-4b15-aed4-ecb3720b2f54]        SystemManager.java:779  | 1 part along 5 systems
2026-06-29 21:48:05,060 INFO [a8f78b7b-3620-475d-8799-c3b31d609b55_clean_6c1e493d-f69f-4b15-aed4-ecb3720b2f54]                 Book.java:543  | Created scores: [{Score 1}]
2026-06-29 21:48:05,061 INFO [a8f78b7b-3620-475d-8799-c3b31d609b55_clean_6c1e493d-f69f-4b15-aed4-ecb3720b2f54]       StepMonitoring.java:98   | HEADERS
2026-06-29 21:48:06,992 INFO [a8f78b7b-3620-475d-8799-c3b31d609b55_clean_6c1e493d-f69f-4b15-aed4-ecb3720b2f54]       StepMonitoring.java:98   | STEM_SEEDS
2026-06-29 21:48:07,176 INFO [a8f78b7b-3620-475d-8799-c3b31d609b55_clean_6c1e493d-f69f-4b15-aed4-ecb3720b2f54]        StemSeedsStep.java:86   | stem(5 max:6)
2026-06-29 21:48:07,318 INFO [a8f78b7b-3620-475d-8799-c3b31d609b55_clean_6c1e493d-f69f-4b15-aed4-ecb3720b2f54]       StepMonitoring.java:98   | BEAMS
2026-06-29 21:48:18,983 INFO [a8f78b7b-3620-475d-8799-c3b31d609b55_clean_6c1e493d-f69f-4b15-aed4-ecb3720b2f54]       StepMonitoring.java:98   | LEDGERS
2026-06-29 21:48:19,763 INFO [a8f78b7b-3620-475d-8799-c3b31d609b55_clean_6c1e493d-f69f-4b15-aed4-ecb3720b2f54]       StepMonitoring.java:98   | HEADS
2026-06-29 21:48:40,604 INFO [a8f78b7b-3620-475d-8799-c3b31d609b55_clean_6c1e493d-f69f-4b15-aed4-ecb3720b2f54]        HeadSeedTally.java:235  | Scale information: HeadSeeds{NOTEHEAD_VOID[L:-0.4,R:-0.5] NOTEHEAD_BLACK[L:0.7,R:0.7]}
2026-06-29 21:48:40,605 INFO [a8f78b7b-3620-475d-8799-c3b31d609b55_clean_6c1e493d-f69f-4b15-aed4-ecb3720b2f54]       StepMonitoring.java:98   | STEMS
2026-06-29 21:48:42,899 INFO [a8f78b7b-3620-475d-8799-c3b31d609b55_clean_6c1e493d-f69f-4b15-aed4-ecb3720b2f54]       StepMonitoring.java:98   | REDUCTION
2026-06-29 21:48:43,344 INFO [a8f78b7b-3620-475d-8799-c3b31d609b55_clean_6c1e493d-f69f-4b15-aed4-ecb3720b2f54]        ReductionStep.java:105  | Stems free length median value: 86 pixels, 3.6 interlines
2026-06-29 21:48:43,356 INFO [a8f78b7b-3620-475d-8799-c3b31d609b55_clean_6c1e493d-f69f-4b15-aed4-ecb3720b2f54]       StepMonitoring.java:98   | CUE_BEAMS
2026-06-29 21:48:43,357 INFO [a8f78b7b-3620-475d-8799-c3b31d609b55_clean_6c1e493d-f69f-4b15-aed4-ecb3720b2f54]         CueBeamsStep.java:81   | Step CUE_BEAMS is skipped because small heads switch is off
2026-06-29 21:48:43,358 INFO [a8f78b7b-3620-475d-8799-c3b31d609b55_clean_6c1e493d-f69f-4b15-aed4-ecb3720b2f54]       StepMonitoring.java:98   | TEXTS
2026-06-29 21:48:45,303 INFO [a8f78b7b-3620-475d-8799-c3b31d609b55_clean_6c1e493d-f69f-4b15-aed4-ecb3720b2f54]       MetronomeInter.java:1410 | Metronome. Non recognized note for glyph#7422
2026-06-29 21:48:45,323 INFO [a8f78b7b-3620-475d-8799-c3b31d609b55_clean_6c1e493d-f69f-4b15-aed4-ecb3720b2f54]       StepMonitoring.java:98   | MEASURES
2026-06-29 21:48:45,345 INFO [a8f78b7b-3620-475d-8799-c3b31d609b55_clean_6c1e493d-f69f-4b15-aed4-ecb3720b2f54]                 Page.java:307  | 22 raw measures: [4 in system#1, 4 in system#2, 4 in system#3, 4 in system#4, 6 in system#5]
2026-06-29 21:48:45,345 INFO [a8f78b7b-3620-475d-8799-c3b31d609b55_clean_6c1e493d-f69f-4b15-aed4-ecb3720b2f54]       StepMonitoring.java:98   | CHORDS
2026-06-29 21:48:45,395 INFO [a8f78b7b-3620-475d-8799-c3b31d609b55_clean_6c1e493d-f69f-4b15-aed4-ecb3720b2f54]       StepMonitoring.java:98   | CURVES
2026-06-29 21:48:47,747 INFO [a8f78b7b-3620-475d-8799-c3b31d609b55_clean_6c1e493d-f69f-4b15-aed4-ecb3720b2f54]         SlursBuilder.java:240  | Slurs: 0
2026-06-29 21:48:47,761 INFO [a8f78b7b-3620-475d-8799-c3b31d609b55_clean_6c1e493d-f69f-4b15-aed4-ecb3720b2f54]      SegmentsBuilder.java:155  | Segments: 0
2026-06-29 21:48:47,778 INFO [a8f78b7b-3620-475d-8799-c3b31d609b55_clean_6c1e493d-f69f-4b15-aed4-ecb3720b2f54]       StepMonitoring.java:98   | SYMBOLS
2026-06-29 21:48:48,937 INFO [a8f78b7b-3620-475d-8799-c3b31d609b55_clean_6c1e493d-f69f-4b15-aed4-ecb3720b2f54]       StepMonitoring.java:98   | LINKS
2026-06-29 21:48:49,054 INFO [a8f78b7b-3620-475d-8799-c3b31d609b55_clean_6c1e493d-f69f-4b15-aed4-ecb3720b2f54]       StepMonitoring.java:98   | RHYTHMS
2026-06-29 21:48:49,230 INFO [a8f78b7b-3620-475d-8799-c3b31d609b55_clean_6c1e493d-f69f-4b15-aed4-ecb3720b2f54]        MeasureRhythm.java:1044 | Measure{#21} No timeOffset for HeadChordInter#7711{(0.951/0.951) staff:9 slot#4 dur:1/16}
2026-06-29 21:48:49,233 INFO [a8f78b7b-3620-475d-8799-c3b31d609b55_clean_6c1e493d-f69f-4b15-aed4-ecb3720b2f54]   AbstractChordInter.java:627  | Measure{#21} No timeOffset for HeadChordInter#7712{(0.948/0.948) staff:9 slot#5 dur:1/16}
2026-06-29 21:48:49,234 INFO [a8f78b7b-3620-475d-8799-c3b31d609b55_clean_6c1e493d-f69f-4b15-aed4-ecb3720b2f54]        MeasureRhythm.java:1044 | Measure{#21} No timeOffset for RestChordInter#8378{(0.799/0.799) staff:10 slot#5 dur:1/16}
2026-06-29 21:48:49,235 INFO [a8f78b7b-3620-475d-8799-c3b31d609b55_clean_6c1e493d-f69f-4b15-aed4-ecb3720b2f54]                Voice.java:257  | Measure{#21} Voice{#5 excess:1/16} too long
2026-06-29 21:48:49,236 INFO [a8f78b7b-3620-475d-8799-c3b31d609b55_clean_6c1e493d-f69f-4b15-aed4-ecb3720b2f54]          StackRhythm.java:224  | S5 MeasureStack#21 no correct rhythm
2026-06-29 21:48:49,238 INFO [a8f78b7b-3620-475d-8799-c3b31d609b55_clean_6c1e493d-f69f-4b15-aed4-ecb3720b2f54]       StepMonitoring.java:98   | PAGE
2026-06-29 21:48:49,256 INFO [a8f78b7b-3620-475d-8799-c3b31d609b55_clean_6c1e493d-f69f-4b15-aed4-ecb3720b2f54]                Voice.java:257  | Measure{#21} Voice{#5 excess:1/16} too long
2026-06-29 21:48:49,259 INFO [a8f78b7b-3620-475d-8799-c3b31d609b55_clean_6c1e493d-f69f-4b15-aed4-ecb3720b2f54]                 Book.java:2584 | Book{a8f78b7b-3620-475d-8799-c3b31d609b55_clean_6c1e493d-f69f-4b15-aed4-ecb3720b2f54} storing
2026-06-29 21:48:49,382 INFO [a8f78b7b-3620-475d-8799-c3b31d609b55_clean_6c1e493d-f69f-4b15-aed4-ecb3720b2f54]                 Book.java:2565 | Stored /book.xml
2026-06-29 21:48:49,667 INFO [a8f78b7b-3620-475d-8799-c3b31d609b55_clean_6c1e493d-f69f-4b15-aed4-ecb3720b2f54]           DataHolder.java:348  | Stored /sheet#1/BINARY.png
2026-06-29 21:48:51,571 INFO [a8f78b7b-3620-475d-8799-c3b31d609b55_clean_6c1e493d-f69f-4b15-aed4-ecb3720b2f54]                Sheet.java:1583 | Stored /sheet#1/sheet#1.xml
2026-06-29 21:48:51,571 INFO [a8f78b7b-3620-475d-8799-c3b31d609b55_clean_6c1e493d-f69f-4b15-aed4-ecb3720b2f54]                 Book.java:2525 | Book stored as C:\ReactNative\music-app\MeloNote\backend\outputs\a8f78b7b-3620-475d-8799-c3b31d609b55_clean_6c1e493d-f69f-4b15-aed4-ecb3720b2f54.omr
2026-06-29 21:48:51,581 INFO [a8f78b7b-3620-475d-8799-c3b31d609b55_clean_6c1e493d-f69f-4b15-aed4-ecb3720b2f54]            SheetStub.java:1655 | Sheet disposed
2026-06-29 21:48:51,635 INFO [a8f78b7b-3620-475d-8799-c3b31d609b55_clean_6c1e493d-f69f-4b15-aed4-ecb3720b2f54]                 Book.java:2050 | End of Stub#1
2026-06-29 21:48:51,636 INFO [a8f78b7b-3620-475d-8799-c3b31d609b55_clean_6c1e493d-f69f-4b15-aed4-ecb3720b2f54]                 Book.java:2057 | End of Book{a8f78b7b-3620-475d-8799-c3b31d609b55_clean_6c1e493d-f69f-4b15-aed4-ecb3720b2f54}
2026-06-29 21:48:52,882 INFO [a8f78b7b-3620-475d-8799-c3b31d609b55_clean_6c1e493d-f69f-4b15-aed4-ecb3720b2f54]            SheetStub.java:1000 | Loaded /sheet#1/sheet#1.xml
2026-06-29 21:48:53,754 INFO [a8f78b7b-3620-475d-8799-c3b31d609b55_clean_6c1e493d-f69f-4b15-aed4-ecb3720b2f54]      PartwiseBuilder.java:2706 | Exporting sheet(s): [#1]
2026-06-29 21:48:53,766 WARN [a8f78b7b-3620-475d-8799-c3b31d609b55_clean_6c1e493d-f69f-4b15-aed4-ecb3720b2f54]      PartwiseBuilder.java:1615 | Error visiting MetronomeInter#7450{<invalid-internals>} in {Page#1.1}
java.lang.NullPointerException: Cannot invoke "org.audiveris.omr.sig.inter.BeatUnitInter$Note.toMusicXml()" because "note" is null
	at org.audiveris.omr.score.PartwiseBuilder.processDirection(PartwiseBuilder.java:1574)
	at org.audiveris.omr.score.PartwiseBuilder.processNote(PartwiseBuilder.java:2267)
	at org.audiveris.omr.score.PartwiseBuilder.processChord(PartwiseBuilder.java:1394)
	at org.audiveris.omr.score.PartwiseBuilder.processMeasure(PartwiseBuilder.java:2135)
	at org.audiveris.omr.score.PartwiseBuilder.processPart(PartwiseBuilder.java:2677)
	at org.audiveris.omr.score.PartwiseBuilder.processSystem(PartwiseBuilder.java:3222)
	at org.audiveris.omr.score.PartwiseBuilder.processLogicalPart(PartwiseBuilder.java:1874)
	at org.audiveris.omr.score.PartwiseBuilder.processStub(PartwiseBuilder.java:3173)
	at org.audiveris.omr.score.PartwiseBuilder.processPartList(PartwiseBuilder.java:2709)
	at org.audiveris.omr.score.PartwiseBuilder.processScore(PartwiseBuilder.java:2984)
	at org.audiveris.omr.score.PartwiseBuilder.build(PartwiseBuilder.java:3542)
	at org.audiveris.omr.score.ScoreExporter.export(ScoreExporter.java:122)
	at org.audiveris.omr.score.ScoreExporter.export(ScoreExporter.java:163)
	at org.audiveris.omr.sheet.Book.export(Book.java:630)
	at org.audiveris.omr.CLI$ProcessingTask.processBook(CLI.java:927)
	at org.audiveris.omr.CLI$CliTask.call(CLI.java:513)
	at org.audiveris.omr.Main.runBatchTasks(Main.java:361)
	at org.audiveris.omr.Main.main(Main.java:263)
	at Audiveris.main(Audiveris.java:50)
2026-06-29 21:48:54,062 INFO [a8f78b7b-3620-475d-8799-c3b31d609b55_clean_6c1e493d-f69f-4b15-aed4-ecb3720b2f54]        ScoreExporter.java:164  | Score a8f78b7b-3620-475d-8799-c3b31d609b55_clean_6c1e493d-f69f-4b15-aed4-ecb3720b2f54 exported to C:\ReactNative\music-app\MeloNote\backend\outputs\a8f78b7b-3620-475d-8799-c3b31d609b55_clean_6c1e493d-f69f-4b15-aed4-ecb3720b2f54.mxl
2026-06-29 21:48:54,138 INFO [a8f78b7b-3620-475d-8799-c3b31d609b55_clean_6c1e493d-f69f-4b15-aed4-ecb3720b2f54]                Score.java:181  | Closing {Score 1}
