2026-06-29 13:32:24,233 INFO [cde6d4a7-eeb8-49d4-af69-b4b5be332581_clean_2cee31ed-abaa-4986-855e-067b151a8358]                 Book.java:560  | 1 sheet in C:\ReactNative\music-app\MeloNote\backend\temp\cde6d4a7-eeb8-49d4-af69-b4b5be332581_clean_2cee31ed-abaa-4986-855e-067b151a8358.jpeg
2026-06-29 13:32:24,560 INFO []                 Book.java:2565 | Stored /book.xml
2026-06-29 13:32:24,560 INFO []                 Book.java:2525 | Book stored as C:\ReactNative\music-app\MeloNote\backend\outputs\cde6d4a7-eeb8-49d4-af69-b4b5be332581_clean_2cee31ed-abaa-4986-855e-067b151a8358.omr
2026-06-29 13:32:24,574 INFO []                 Book.java:1929 | Book reaching PAGE on sheets:[#1]
2026-06-29 13:32:24,578 INFO [cde6d4a7-eeb8-49d4-af69-b4b5be332581_clean_2cee31ed-abaa-4986-855e-067b151a8358]       StepMonitoring.java:98   | LOAD
2026-06-29 13:32:24,943 INFO [cde6d4a7-eeb8-49d4-af69-b4b5be332581_clean_2cee31ed-abaa-4986-855e-067b151a8358]            SheetStub.java:1278 | Loaded image #1 2880x3354 from C:\ReactNative\music-app\MeloNote\backend\temp\cde6d4a7-eeb8-49d4-af69-b4b5be332581_clean_2cee31ed-abaa-4986-855e-067b151a8358.jpeg
2026-06-29 13:32:24,951 INFO [cde6d4a7-eeb8-49d4-af69-b4b5be332581_clean_2cee31ed-abaa-4986-855e-067b151a8358]       StepMonitoring.java:98   | BINARY
2026-06-29 13:32:26,027 INFO [cde6d4a7-eeb8-49d4-af69-b4b5be332581_clean_2cee31ed-abaa-4986-855e-067b151a8358]       StepMonitoring.java:98   | SCALE
2026-06-29 13:32:26,087 INFO [cde6d4a7-eeb8-49d4-af69-b4b5be332581_clean_2cee31ed-abaa-4986-855e-067b151a8358]         ScaleBuilder.java:255  | Beam  guessed height: 13 -- mid of [7..20]
2026-06-29 13:32:26,089 INFO [cde6d4a7-eeb8-49d4-af69-b4b5be332581_clean_2cee31ed-abaa-4986-855e-067b151a8358]         ScaleBuilder.java:271  | Beam measured height: 19 -- 0.92 of [7..20] range at 31% of needed quorum
2026-06-29 13:32:26,090 WARN [cde6d4a7-eeb8-49d4-af69-b4b5be332581_clean_2cee31ed-abaa-4986-855e-067b151a8358]         ScaleBuilder.java:300  | No reliable beam height found, guessed value: 13
2026-06-29 13:32:26,091 INFO [cde6d4a7-eeb8-49d4-af69-b4b5be332581_clean_2cee31ed-abaa-4986-855e-067b151a8358]         ScaleBuilder.java:401  | Normalized black jitter: 13.64 %
2026-06-29 13:32:26,091 INFO [cde6d4a7-eeb8-49d4-af69-b4b5be332581_clean_2cee31ed-abaa-4986-855e-067b151a8358]            ScaleStep.java:65   | Scale{ interline(21,22,23) line(4,6,7) beam(13 extra)}
2026-06-29 13:32:26,093 INFO [cde6d4a7-eeb8-49d4-af69-b4b5be332581_clean_2cee31ed-abaa-4986-855e-067b151a8358]       StepMonitoring.java:98   | GRID
2026-06-29 13:32:27,184 INFO [cde6d4a7-eeb8-49d4-af69-b4b5be332581_clean_2cee31ed-abaa-4986-855e-067b151a8358]       LinesRetriever.java:1500 | Global slope: -0.00178
2026-06-29 13:32:27,265 INFO [cde6d4a7-eeb8-49d4-af69-b4b5be332581_clean_2cee31ed-abaa-4986-855e-067b151a8358]    ClustersRetriever.java:326  | Retrieved raw line clusters: 7 of sizes [5] with interline(21,22,23)
2026-06-29 13:32:27,743 INFO [cde6d4a7-eeb8-49d4-af69-b4b5be332581_clean_2cee31ed-abaa-4986-855e-067b151a8358]            PeakGraph.java:310  | Systems: #1[1] #2[2] #3[3] #4[4] #5[5] #6[6] #7[7]
2026-06-29 13:32:28,873 INFO [cde6d4a7-eeb8-49d4-af69-b4b5be332581_clean_2cee31ed-abaa-4986-855e-067b151a8358]        SystemManager.java:779  | 1 part along 7 systems
2026-06-29 13:32:28,875 INFO [cde6d4a7-eeb8-49d4-af69-b4b5be332581_clean_2cee31ed-abaa-4986-855e-067b151a8358]                 Book.java:543  | Created scores: [{Score 1}]
2026-06-29 13:32:28,876 INFO [cde6d4a7-eeb8-49d4-af69-b4b5be332581_clean_2cee31ed-abaa-4986-855e-067b151a8358]       StepMonitoring.java:98   | HEADERS
2026-06-29 13:32:31,315 INFO [cde6d4a7-eeb8-49d4-af69-b4b5be332581_clean_2cee31ed-abaa-4986-855e-067b151a8358]       StepMonitoring.java:98   | STEM_SEEDS
2026-06-29 13:32:31,451 INFO [cde6d4a7-eeb8-49d4-af69-b4b5be332581_clean_2cee31ed-abaa-4986-855e-067b151a8358]        StemSeedsStep.java:86   | stem(6 max:6)
2026-06-29 13:32:31,605 INFO [cde6d4a7-eeb8-49d4-af69-b4b5be332581_clean_2cee31ed-abaa-4986-855e-067b151a8358]       StepMonitoring.java:98   | BEAMS
2026-06-29 13:32:40,968 INFO [cde6d4a7-eeb8-49d4-af69-b4b5be332581_clean_2cee31ed-abaa-4986-855e-067b151a8358]       StepMonitoring.java:98   | LEDGERS
2026-06-29 13:32:41,697 INFO [cde6d4a7-eeb8-49d4-af69-b4b5be332581_clean_2cee31ed-abaa-4986-855e-067b151a8358]       StepMonitoring.java:98   | HEADS
2026-06-29 13:32:49,735 INFO [cde6d4a7-eeb8-49d4-af69-b4b5be332581_clean_2cee31ed-abaa-4986-855e-067b151a8358]        HeadSeedTally.java:235  | Scale information: HeadSeeds{NOTEHEAD_VOID[R:0.9] NOTEHEAD_BLACK[R:1.0]}
2026-06-29 13:32:49,736 INFO [cde6d4a7-eeb8-49d4-af69-b4b5be332581_clean_2cee31ed-abaa-4986-855e-067b151a8358]       StepMonitoring.java:98   | STEMS
2026-06-29 13:32:50,281 INFO [cde6d4a7-eeb8-49d4-af69-b4b5be332581_clean_2cee31ed-abaa-4986-855e-067b151a8358]       StepMonitoring.java:98   | REDUCTION
2026-06-29 13:32:50,394 INFO [cde6d4a7-eeb8-49d4-af69-b4b5be332581_clean_2cee31ed-abaa-4986-855e-067b151a8358]        ReductionStep.java:105  | Stems free length median value: 79 pixels, 3.6 interlines
2026-06-29 13:32:50,400 INFO [cde6d4a7-eeb8-49d4-af69-b4b5be332581_clean_2cee31ed-abaa-4986-855e-067b151a8358]       StepMonitoring.java:98   | CUE_BEAMS
2026-06-29 13:32:50,400 INFO [cde6d4a7-eeb8-49d4-af69-b4b5be332581_clean_2cee31ed-abaa-4986-855e-067b151a8358]         CueBeamsStep.java:81   | Step CUE_BEAMS is skipped because small heads switch is off
2026-06-29 13:32:50,401 INFO [cde6d4a7-eeb8-49d4-af69-b4b5be332581_clean_2cee31ed-abaa-4986-855e-067b151a8358]       StepMonitoring.java:98   | TEXTS
2026-06-29 13:32:52,653 INFO [cde6d4a7-eeb8-49d4-af69-b4b5be332581_clean_2cee31ed-abaa-4986-855e-067b151a8358]       StepMonitoring.java:98   | MEASURES
2026-06-29 13:32:52,678 INFO [cde6d4a7-eeb8-49d4-af69-b4b5be332581_clean_2cee31ed-abaa-4986-855e-067b151a8358]                 Page.java:307  | 56 raw measures: [8 in system#1, 8 in system#2, 8 in system#3, 8 in system#4, 8 in system#5, 8 in system#6, 8 in system#7]
2026-06-29 13:32:52,679 INFO [cde6d4a7-eeb8-49d4-af69-b4b5be332581_clean_2cee31ed-abaa-4986-855e-067b151a8358]       StepMonitoring.java:98   | CHORDS
2026-06-29 13:32:52,703 INFO [cde6d4a7-eeb8-49d4-af69-b4b5be332581_clean_2cee31ed-abaa-4986-855e-067b151a8358]       StepMonitoring.java:98   | CURVES
2026-06-29 13:32:54,183 INFO [cde6d4a7-eeb8-49d4-af69-b4b5be332581_clean_2cee31ed-abaa-4986-855e-067b151a8358]         SlursBuilder.java:240  | Slurs: 14
2026-06-29 13:32:54,203 INFO [cde6d4a7-eeb8-49d4-af69-b4b5be332581_clean_2cee31ed-abaa-4986-855e-067b151a8358]      SegmentsBuilder.java:155  | Segments: 1
2026-06-29 13:32:54,218 INFO [cde6d4a7-eeb8-49d4-af69-b4b5be332581_clean_2cee31ed-abaa-4986-855e-067b151a8358]       StepMonitoring.java:98   | SYMBOLS
2026-06-29 13:32:55,399 INFO [cde6d4a7-eeb8-49d4-af69-b4b5be332581_clean_2cee31ed-abaa-4986-855e-067b151a8358]       StepMonitoring.java:98   | LINKS
2026-06-29 13:32:55,410 INFO [cde6d4a7-eeb8-49d4-af69-b4b5be332581_clean_2cee31ed-abaa-4986-855e-067b151a8358]        SymbolsLinker.java:258  | No chord linked to OctaveShiftInter#3375{(0.273) staff:1 OTTAVA ALTA} at java.awt.Point[x=282,y=48]
2026-06-29 13:32:55,472 INFO [cde6d4a7-eeb8-49d4-af69-b4b5be332581_clean_2cee31ed-abaa-4986-855e-067b151a8358]        SentenceInter.java:463  | No chord near SentenceInter#2114{(0.716) staff:6 mFont:45 Direction} Voice
2026-06-29 13:32:55,485 INFO [cde6d4a7-eeb8-49d4-af69-b4b5be332581_clean_2cee31ed-abaa-4986-855e-067b151a8358]       StepMonitoring.java:98   | RHYTHMS
2026-06-29 13:32:55,536 INFO [cde6d4a7-eeb8-49d4-af69-b4b5be332581_clean_2cee31ed-abaa-4986-855e-067b151a8358]        MeasureRhythm.java:1044 | Measure{#2} No timeOffset for HeadChordInter#2191{(0.912/0.912) slot#2 dur:1/4}
2026-06-29 13:32:55,538 INFO [cde6d4a7-eeb8-49d4-af69-b4b5be332581_clean_2cee31ed-abaa-4986-855e-067b151a8358]          StackRhythm.java:224  | S1 MeasureStack#2 no correct rhythm
2026-06-29 13:32:55,540 INFO [cde6d4a7-eeb8-49d4-af69-b4b5be332581_clean_2cee31ed-abaa-4986-855e-067b151a8358]        MeasureRhythm.java:1044 | Measure{#3} No timeOffset for HeadChordInter#2193{(0.922/0.922) slot#2 dur:1/4}
2026-06-29 13:32:55,541 INFO [cde6d4a7-eeb8-49d4-af69-b4b5be332581_clean_2cee31ed-abaa-4986-855e-067b151a8358]          StackRhythm.java:224  | S1 MeasureStack#3 no correct rhythm
2026-06-29 13:32:55,553 INFO [cde6d4a7-eeb8-49d4-af69-b4b5be332581_clean_2cee31ed-abaa-4986-855e-067b151a8358]                Voice.java:257  | Measure{#5} Voice{#1 excess:1/4} too long
2026-06-29 13:32:55,554 INFO [cde6d4a7-eeb8-49d4-af69-b4b5be332581_clean_2cee31ed-abaa-4986-855e-067b151a8358]          StackRhythm.java:224  | S1 MeasureStack#5 no correct rhythm
2026-06-29 13:32:55,556 INFO [cde6d4a7-eeb8-49d4-af69-b4b5be332581_clean_2cee31ed-abaa-4986-855e-067b151a8358]                Voice.java:257  | Measure{#6} Voice{#1 excess:1/4} too long
2026-06-29 13:32:55,556 INFO [cde6d4a7-eeb8-49d4-af69-b4b5be332581_clean_2cee31ed-abaa-4986-855e-067b151a8358]          StackRhythm.java:224  | S1 MeasureStack#6 no correct rhythm
2026-06-29 13:32:55,565 INFO [cde6d4a7-eeb8-49d4-af69-b4b5be332581_clean_2cee31ed-abaa-4986-855e-067b151a8358]        MeasureRhythm.java:1044 | Measure{#11} No timeOffset for HeadChordInter#2204{(0.932/0.932) slot#2 dur:1/4}
2026-06-29 13:32:55,566 INFO [cde6d4a7-eeb8-49d4-af69-b4b5be332581_clean_2cee31ed-abaa-4986-855e-067b151a8358]          StackRhythm.java:224  | S2 MeasureStack#11 no correct rhythm
2026-06-29 13:32:55,569 INFO [cde6d4a7-eeb8-49d4-af69-b4b5be332581_clean_2cee31ed-abaa-4986-855e-067b151a8358]        MeasureRhythm.java:1044 | Measure{#12} No timeOffset for HeadChordInter#2206{(0.637/0.637) slot#2 dur:1/2}
2026-06-29 13:32:55,570 INFO [cde6d4a7-eeb8-49d4-af69-b4b5be332581_clean_2cee31ed-abaa-4986-855e-067b151a8358]          StackRhythm.java:224  | S2 MeasureStack#12 no correct rhythm
2026-06-29 13:32:55,572 INFO [cde6d4a7-eeb8-49d4-af69-b4b5be332581_clean_2cee31ed-abaa-4986-855e-067b151a8358]        MeasureRhythm.java:1044 | Measure{#13} No timeOffset for HeadChordInter#2208{(0.910/0.910) slot#2 dur:1/4}
2026-06-29 13:32:55,573 INFO [cde6d4a7-eeb8-49d4-af69-b4b5be332581_clean_2cee31ed-abaa-4986-855e-067b151a8358]          StackRhythm.java:224  | S2 MeasureStack#13 no correct rhythm
2026-06-29 13:32:55,575 INFO [cde6d4a7-eeb8-49d4-af69-b4b5be332581_clean_2cee31ed-abaa-4986-855e-067b151a8358]        MeasureRhythm.java:1044 | Measure{#14} No timeOffset for HeadChordInter#2210{(0.918/0.918) slot#2 dur:1/4}
2026-06-29 13:32:55,576 INFO [cde6d4a7-eeb8-49d4-af69-b4b5be332581_clean_2cee31ed-abaa-4986-855e-067b151a8358]          StackRhythm.java:224  | S2 MeasureStack#14 no correct rhythm
2026-06-29 13:32:55,580 INFO [cde6d4a7-eeb8-49d4-af69-b4b5be332581_clean_2cee31ed-abaa-4986-855e-067b151a8358]        MeasureRhythm.java:1044 | Measure{#19} No timeOffset for HeadChordInter#2216{(0.788/0.788) slot#2 dur:1/2}
2026-06-29 13:32:55,581 INFO [cde6d4a7-eeb8-49d4-af69-b4b5be332581_clean_2cee31ed-abaa-4986-855e-067b151a8358]          StackRhythm.java:224  | S3 MeasureStack#19 no correct rhythm
2026-06-29 13:32:55,584 INFO [cde6d4a7-eeb8-49d4-af69-b4b5be332581_clean_2cee31ed-abaa-4986-855e-067b151a8358]        MeasureRhythm.java:1044 | Measure{#21} No timeOffset for HeadChordInter#2219{(0.775/0.775) slot#2 dur:1/2}
2026-06-29 13:32:55,585 INFO [cde6d4a7-eeb8-49d4-af69-b4b5be332581_clean_2cee31ed-abaa-4986-855e-067b151a8358]          StackRhythm.java:224  | S3 MeasureStack#21 no correct rhythm
2026-06-29 13:32:55,589 INFO [cde6d4a7-eeb8-49d4-af69-b4b5be332581_clean_2cee31ed-abaa-4986-855e-067b151a8358]        MeasureRhythm.java:1044 | Measure{#25} No timeOffset for HeadChordInter#2225{(0.840/0.840) staff:4 slot#2 dur:1/2}
2026-06-29 13:32:55,590 INFO [cde6d4a7-eeb8-49d4-af69-b4b5be332581_clean_2cee31ed-abaa-4986-855e-067b151a8358]          StackRhythm.java:224  | S4 MeasureStack#25 no correct rhythm
2026-06-29 13:32:55,593 INFO [cde6d4a7-eeb8-49d4-af69-b4b5be332581_clean_2cee31ed-abaa-4986-855e-067b151a8358]                Voice.java:257  | Measure{#27} Voice{#1 excess:1/4} too long
2026-06-29 13:32:55,594 INFO [cde6d4a7-eeb8-49d4-af69-b4b5be332581_clean_2cee31ed-abaa-4986-855e-067b151a8358]          StackRhythm.java:224  | S4 MeasureStack#27 no correct rhythm
2026-06-29 13:32:55,596 INFO [cde6d4a7-eeb8-49d4-af69-b4b5be332581_clean_2cee31ed-abaa-4986-855e-067b151a8358]        MeasureRhythm.java:1044 | Measure{#28} No timeOffset for HeadChordInter#2230{(0.928/0.928) staff:4 slot#2 dur:1/4}
2026-06-29 13:32:55,597 INFO [cde6d4a7-eeb8-49d4-af69-b4b5be332581_clean_2cee31ed-abaa-4986-855e-067b151a8358]          StackRhythm.java:224  | S4 MeasureStack#28 no correct rhythm
2026-06-29 13:32:55,601 INFO [cde6d4a7-eeb8-49d4-af69-b4b5be332581_clean_2cee31ed-abaa-4986-855e-067b151a8358]        MeasureRhythm.java:1044 | Measure{#31} No timeOffset for HeadChordInter#2234{(0.917/0.917) staff:4 slot#2 dur:1/4}
2026-06-29 13:32:55,602 INFO [cde6d4a7-eeb8-49d4-af69-b4b5be332581_clean_2cee31ed-abaa-4986-855e-067b151a8358]          StackRhythm.java:224  | S4 MeasureStack#31 no correct rhythm
2026-06-29 13:32:55,603 INFO [cde6d4a7-eeb8-49d4-af69-b4b5be332581_clean_2cee31ed-abaa-4986-855e-067b151a8358]        MeasureRhythm.java:1044 | Measure{#32} No timeOffset for HeadChordInter#2236{(0.600/0.600) staff:4 slot#2 dur:1/2}
2026-06-29 13:32:55,604 INFO [cde6d4a7-eeb8-49d4-af69-b4b5be332581_clean_2cee31ed-abaa-4986-855e-067b151a8358]          StackRhythm.java:224  | S4 MeasureStack#32 no correct rhythm
2026-06-29 13:32:55,606 INFO [cde6d4a7-eeb8-49d4-af69-b4b5be332581_clean_2cee31ed-abaa-4986-855e-067b151a8358]        MeasureRhythm.java:1044 | Measure{#33} No timeOffset for HeadChordInter#2238{(0.794/0.794) staff:5 slot#2 dur:1/2}
2026-06-29 13:32:55,607 INFO [cde6d4a7-eeb8-49d4-af69-b4b5be332581_clean_2cee31ed-abaa-4986-855e-067b151a8358]          StackRhythm.java:224  | S5 MeasureStack#33 no correct rhythm
2026-06-29 13:32:55,609 INFO [cde6d4a7-eeb8-49d4-af69-b4b5be332581_clean_2cee31ed-abaa-4986-855e-067b151a8358]                Voice.java:257  | Measure{#35} Voice{#1 excess:1/4} too long
2026-06-29 13:32:55,611 INFO [cde6d4a7-eeb8-49d4-af69-b4b5be332581_clean_2cee31ed-abaa-4986-855e-067b151a8358]          StackRhythm.java:224  | S5 MeasureStack#35 no correct rhythm
2026-06-29 13:32:55,613 INFO [cde6d4a7-eeb8-49d4-af69-b4b5be332581_clean_2cee31ed-abaa-4986-855e-067b151a8358]        MeasureRhythm.java:1044 | Measure{#37} No timeOffset for HeadChordInter#2244{(0.924/0.924) staff:5 slot#2 dur:1/4}
2026-06-29 13:32:55,614 INFO [cde6d4a7-eeb8-49d4-af69-b4b5be332581_clean_2cee31ed-abaa-4986-855e-067b151a8358]          StackRhythm.java:224  | S5 MeasureStack#37 no correct rhythm
2026-06-29 13:32:55,616 INFO [cde6d4a7-eeb8-49d4-af69-b4b5be332581_clean_2cee31ed-abaa-4986-855e-067b151a8358]        MeasureRhythm.java:1044 | Measure{#39} No timeOffset for HeadChordInter#2247{(0.856/0.856) staff:5 slot#2 dur:1/2}
2026-06-29 13:32:55,618 INFO [cde6d4a7-eeb8-49d4-af69-b4b5be332581_clean_2cee31ed-abaa-4986-855e-067b151a8358]          StackRhythm.java:224  | S5 MeasureStack#39 no correct rhythm
2026-06-29 13:32:55,622 INFO [cde6d4a7-eeb8-49d4-af69-b4b5be332581_clean_2cee31ed-abaa-4986-855e-067b151a8358]        MeasureRhythm.java:1044 | Measure{#43} No timeOffset for HeadChordInter#2252{(0.805/0.805) slot#2 dur:1/2}
2026-06-29 13:32:55,624 INFO [cde6d4a7-eeb8-49d4-af69-b4b5be332581_clean_2cee31ed-abaa-4986-855e-067b151a8358]          StackRhythm.java:224  | S6 MeasureStack#43 no correct rhythm
2026-06-29 13:32:55,625 INFO [cde6d4a7-eeb8-49d4-af69-b4b5be332581_clean_2cee31ed-abaa-4986-855e-067b151a8358]                Voice.java:257  | Measure{#44} Voice{#1 excess:1/4} too long
2026-06-29 13:32:55,626 INFO [cde6d4a7-eeb8-49d4-af69-b4b5be332581_clean_2cee31ed-abaa-4986-855e-067b151a8358]          StackRhythm.java:224  | S6 MeasureStack#44 no correct rhythm
2026-06-29 13:32:55,629 INFO [cde6d4a7-eeb8-49d4-af69-b4b5be332581_clean_2cee31ed-abaa-4986-855e-067b151a8358]                Voice.java:257  | Measure{#45} Voice{#1 excess:1/4} too long
2026-06-29 13:32:55,630 INFO [cde6d4a7-eeb8-49d4-af69-b4b5be332581_clean_2cee31ed-abaa-4986-855e-067b151a8358]          StackRhythm.java:224  | S6 MeasureStack#45 no correct rhythm
2026-06-29 13:32:55,632 INFO [cde6d4a7-eeb8-49d4-af69-b4b5be332581_clean_2cee31ed-abaa-4986-855e-067b151a8358]        MeasureRhythm.java:1044 | Measure{#47} No timeOffset for HeadChordInter#2259{(0.888/0.888) slot#2 dur:1/2}
2026-06-29 13:32:55,633 INFO [cde6d4a7-eeb8-49d4-af69-b4b5be332581_clean_2cee31ed-abaa-4986-855e-067b151a8358]          StackRhythm.java:224  | S6 MeasureStack#47 no correct rhythm
2026-06-29 13:32:55,636 INFO [cde6d4a7-eeb8-49d4-af69-b4b5be332581_clean_2cee31ed-abaa-4986-855e-067b151a8358]        MeasureRhythm.java:1044 | Measure{#51} No timeOffset for HeadChordInter#2264{(0.924/0.924) slot#2 dur:1/4}
2026-06-29 13:32:55,636 INFO [cde6d4a7-eeb8-49d4-af69-b4b5be332581_clean_2cee31ed-abaa-4986-855e-067b151a8358]          StackRhythm.java:224  | S7 MeasureStack#51 no correct rhythm
2026-06-29 13:32:55,638 INFO [cde6d4a7-eeb8-49d4-af69-b4b5be332581_clean_2cee31ed-abaa-4986-855e-067b151a8358]        MeasureRhythm.java:1044 | Measure{#53} No timeOffset for HeadChordInter#2267{(0.916/0.916) slot#2 dur:1/4}
2026-06-29 13:32:55,638 INFO [cde6d4a7-eeb8-49d4-af69-b4b5be332581_clean_2cee31ed-abaa-4986-855e-067b151a8358]          StackRhythm.java:224  | S7 MeasureStack#53 no correct rhythm
2026-06-29 13:32:55,640 INFO [cde6d4a7-eeb8-49d4-af69-b4b5be332581_clean_2cee31ed-abaa-4986-855e-067b151a8358]        MeasureRhythm.java:1044 | Measure{#54} No timeOffset for HeadChordInter#2269{(0.838/0.838) slot#2 dur:1/2}
2026-06-29 13:32:55,641 INFO [cde6d4a7-eeb8-49d4-af69-b4b5be332581_clean_2cee31ed-abaa-4986-855e-067b151a8358]          StackRhythm.java:224  | S7 MeasureStack#54 no correct rhythm
2026-06-29 13:32:55,642 INFO [cde6d4a7-eeb8-49d4-af69-b4b5be332581_clean_2cee31ed-abaa-4986-855e-067b151a8358]                Voice.java:257  | Measure{#55} Voice{#1 excess:1/4} too long
2026-06-29 13:32:55,643 INFO [cde6d4a7-eeb8-49d4-af69-b4b5be332581_clean_2cee31ed-abaa-4986-855e-067b151a8358]          StackRhythm.java:224  | S7 MeasureStack#55 no correct rhythm
2026-06-29 13:32:55,644 INFO [cde6d4a7-eeb8-49d4-af69-b4b5be332581_clean_2cee31ed-abaa-4986-855e-067b151a8358]       StepMonitoring.java:98   | PAGE
2026-06-29 13:32:55,649 INFO [cde6d4a7-eeb8-49d4-af69-b4b5be332581_clean_2cee31ed-abaa-4986-855e-067b151a8358]       SheetReduction.java:154  | Gutter. Different glyphs 5/6 PedalInter#3424{(0.599/0.599) PEDAL_MARK} vs DynamicsInter#3454{(0.784/0.918) DYNAMICS_P}
2026-06-29 13:32:55,663 INFO [cde6d4a7-eeb8-49d4-af69-b4b5be332581_clean_2cee31ed-abaa-4986-855e-067b151a8358]                Voice.java:257  | Measure{#5} Voice{#1 excess:1/4} too long
2026-06-29 13:32:55,664 INFO [cde6d4a7-eeb8-49d4-af69-b4b5be332581_clean_2cee31ed-abaa-4986-855e-067b151a8358]                Voice.java:257  | Measure{#6} Voice{#1 excess:1/4} too long
2026-06-29 13:32:55,666 INFO [cde6d4a7-eeb8-49d4-af69-b4b5be332581_clean_2cee31ed-abaa-4986-855e-067b151a8358]                Voice.java:257  | Measure{#27} Voice{#1 excess:1/4} too long
2026-06-29 13:32:55,667 INFO [cde6d4a7-eeb8-49d4-af69-b4b5be332581_clean_2cee31ed-abaa-4986-855e-067b151a8358]                Voice.java:257  | Measure{#35} Voice{#1 excess:1/4} too long
2026-06-29 13:32:55,668 INFO [cde6d4a7-eeb8-49d4-af69-b4b5be332581_clean_2cee31ed-abaa-4986-855e-067b151a8358]                Voice.java:257  | Measure{#44} Voice{#1 excess:1/4} too long
2026-06-29 13:32:55,668 INFO [cde6d4a7-eeb8-49d4-af69-b4b5be332581_clean_2cee31ed-abaa-4986-855e-067b151a8358]                Voice.java:257  | Measure{#45} Voice{#1 excess:1/4} too long
2026-06-29 13:32:55,669 INFO [cde6d4a7-eeb8-49d4-af69-b4b5be332581_clean_2cee31ed-abaa-4986-855e-067b151a8358]                Voice.java:257  | Measure{#55} Voice{#1 excess:1/4} too long
2026-06-29 13:32:55,672 INFO [cde6d4a7-eeb8-49d4-af69-b4b5be332581_clean_2cee31ed-abaa-4986-855e-067b151a8358]                 Book.java:2584 | Book{cde6d4a7-eeb8-49d4-af69-b4b5be332581_clean_2cee31ed-abaa-4986-855e-067b151a8358} storing
2026-06-29 13:32:55,764 INFO [cde6d4a7-eeb8-49d4-af69-b4b5be332581_clean_2cee31ed-abaa-4986-855e-067b151a8358]                 Book.java:2565 | Stored /book.xml
2026-06-29 13:32:56,030 INFO [cde6d4a7-eeb8-49d4-af69-b4b5be332581_clean_2cee31ed-abaa-4986-855e-067b151a8358]           DataHolder.java:348  | Stored /sheet#1/BINARY.png
2026-06-29 13:32:57,497 INFO [cde6d4a7-eeb8-49d4-af69-b4b5be332581_clean_2cee31ed-abaa-4986-855e-067b151a8358]                Sheet.java:1583 | Stored /sheet#1/sheet#1.xml
2026-06-29 13:32:57,497 INFO [cde6d4a7-eeb8-49d4-af69-b4b5be332581_clean_2cee31ed-abaa-4986-855e-067b151a8358]                 Book.java:2525 | Book stored as C:\ReactNative\music-app\MeloNote\backend\outputs\cde6d4a7-eeb8-49d4-af69-b4b5be332581_clean_2cee31ed-abaa-4986-855e-067b151a8358.omr
2026-06-29 13:32:57,507 INFO [cde6d4a7-eeb8-49d4-af69-b4b5be332581_clean_2cee31ed-abaa-4986-855e-067b151a8358]            SheetStub.java:1655 | Sheet disposed
2026-06-29 13:32:57,557 INFO [cde6d4a7-eeb8-49d4-af69-b4b5be332581_clean_2cee31ed-abaa-4986-855e-067b151a8358]                 Book.java:2050 | End of Stub#1
2026-06-29 13:32:57,558 INFO [cde6d4a7-eeb8-49d4-af69-b4b5be332581_clean_2cee31ed-abaa-4986-855e-067b151a8358]                 Book.java:2057 | End of Book{cde6d4a7-eeb8-49d4-af69-b4b5be332581_clean_2cee31ed-abaa-4986-855e-067b151a8358}
2026-06-29 13:32:58,404 INFO [cde6d4a7-eeb8-49d4-af69-b4b5be332581_clean_2cee31ed-abaa-4986-855e-067b151a8358]            SheetStub.java:1000 | Loaded /sheet#1/sheet#1.xml
2026-06-29 13:32:59,372 INFO [cde6d4a7-eeb8-49d4-af69-b4b5be332581_clean_2cee31ed-abaa-4986-855e-067b151a8358]      PartwiseBuilder.java:2706 | Exporting sheet(s): [#1]
2026-06-29 13:32:59,551 INFO [cde6d4a7-eeb8-49d4-af69-b4b5be332581_clean_2cee31ed-abaa-4986-855e-067b151a8358]        ScoreExporter.java:164  | Score cde6d4a7-eeb8-49d4-af69-b4b5be332581_clean_2cee31ed-abaa-4986-855e-067b151a8358 exported to C:\ReactNative\music-app\MeloNote\backend\outputs\cde6d4a7-eeb8-49d4-af69-b4b5be332581_clean_2cee31ed-abaa-4986-855e-067b151a8358.mxl
2026-06-29 13:32:59,619 INFO [cde6d4a7-eeb8-49d4-af69-b4b5be332581_clean_2cee31ed-abaa-4986-855e-067b151a8358]                Score.java:181  | Closing {Score 1}
