2026-06-29 19:12:02,614 INFO [eb02684e-94c0-4538-b09b-e07e1536af71_clean_9acc358e-71a2-4843-b712-115efe5e3f1c]                 Book.java:560  | 1 sheet in C:\ReactNative\music-app\MeloNote\backend\temp\eb02684e-94c0-4538-b09b-e07e1536af71_clean_9acc358e-71a2-4843-b712-115efe5e3f1c.jpeg
2026-06-29 19:12:02,935 INFO []                 Book.java:2565 | Stored /book.xml
2026-06-29 19:12:02,936 INFO []                 Book.java:2525 | Book stored as C:\ReactNative\music-app\MeloNote\backend\outputs\eb02684e-94c0-4538-b09b-e07e1536af71_clean_9acc358e-71a2-4843-b712-115efe5e3f1c.omr
2026-06-29 19:12:02,946 INFO []                 Book.java:1929 | Book reaching PAGE on sheets:[#1]
2026-06-29 19:12:02,950 INFO [eb02684e-94c0-4538-b09b-e07e1536af71_clean_9acc358e-71a2-4843-b712-115efe5e3f1c]       StepMonitoring.java:98   | LOAD
2026-06-29 19:12:03,516 INFO [eb02684e-94c0-4538-b09b-e07e1536af71_clean_9acc358e-71a2-4843-b712-115efe5e3f1c]            SheetStub.java:1278 | Loaded image #1 2800x3957 from C:\ReactNative\music-app\MeloNote\backend\temp\eb02684e-94c0-4538-b09b-e07e1536af71_clean_9acc358e-71a2-4843-b712-115efe5e3f1c.jpeg
2026-06-29 19:12:03,523 INFO [eb02684e-94c0-4538-b09b-e07e1536af71_clean_9acc358e-71a2-4843-b712-115efe5e3f1c]       StepMonitoring.java:98   | BINARY
2026-06-29 19:12:04,725 INFO [eb02684e-94c0-4538-b09b-e07e1536af71_clean_9acc358e-71a2-4843-b712-115efe5e3f1c]       StepMonitoring.java:98   | SCALE
2026-06-29 19:12:04,787 INFO [eb02684e-94c0-4538-b09b-e07e1536af71_clean_9acc358e-71a2-4843-b712-115efe5e3f1c]         ScaleBuilder.java:255  | Beam  guessed height: 15 -- mid of [7..23]
2026-06-29 19:12:04,789 INFO [eb02684e-94c0-4538-b09b-e07e1536af71_clean_9acc358e-71a2-4843-b712-115efe5e3f1c]         ScaleBuilder.java:271  | Beam measured height: 12 -- 0.31 of [7..23] range at 479% of needed quorum
2026-06-29 19:12:04,790 INFO [eb02684e-94c0-4538-b09b-e07e1536af71_clean_9acc358e-71a2-4843-b712-115efe5e3f1c]         ScaleBuilder.java:401  | Normalized black jitter: 8.33 %
2026-06-29 19:12:04,790 INFO [eb02684e-94c0-4538-b09b-e07e1536af71_clean_9acc358e-71a2-4843-b712-115efe5e3f1c]            ScaleStep.java:65   | Scale{ interline(23,24,25) line(3,5,5) beam(12)}
2026-06-29 19:12:04,791 INFO [eb02684e-94c0-4538-b09b-e07e1536af71_clean_9acc358e-71a2-4843-b712-115efe5e3f1c]       StepMonitoring.java:98   | GRID
2026-06-29 19:12:06,170 INFO [eb02684e-94c0-4538-b09b-e07e1536af71_clean_9acc358e-71a2-4843-b712-115efe5e3f1c]       LinesRetriever.java:1500 | Global slope: 0.00000
2026-06-29 19:12:06,276 INFO [eb02684e-94c0-4538-b09b-e07e1536af71_clean_9acc358e-71a2-4843-b712-115efe5e3f1c]    ClustersRetriever.java:326  | Retrieved raw line clusters: 10 of sizes [5] with interline(23,24,25)
2026-06-29 19:12:07,131 INFO [eb02684e-94c0-4538-b09b-e07e1536af71_clean_9acc358e-71a2-4843-b712-115efe5e3f1c]            PeakGraph.java:310  | Systems: #1[1, 2] #2[3, 4] #3[5, 6] #4[7, 8] #5[9, 10]
2026-06-29 19:12:08,284 INFO [eb02684e-94c0-4538-b09b-e07e1536af71_clean_9acc358e-71a2-4843-b712-115efe5e3f1c]        SystemManager.java:779  | 1 part along 5 systems
2026-06-29 19:12:08,286 INFO [eb02684e-94c0-4538-b09b-e07e1536af71_clean_9acc358e-71a2-4843-b712-115efe5e3f1c]                 Book.java:543  | Created scores: [{Score 1}]
2026-06-29 19:12:08,287 INFO [eb02684e-94c0-4538-b09b-e07e1536af71_clean_9acc358e-71a2-4843-b712-115efe5e3f1c]       StepMonitoring.java:98   | HEADERS
2026-06-29 19:12:10,400 INFO [eb02684e-94c0-4538-b09b-e07e1536af71_clean_9acc358e-71a2-4843-b712-115efe5e3f1c]       StepMonitoring.java:98   | STEM_SEEDS
2026-06-29 19:12:10,564 INFO [eb02684e-94c0-4538-b09b-e07e1536af71_clean_9acc358e-71a2-4843-b712-115efe5e3f1c]        StemSeedsStep.java:86   | stem(4 max:5)
2026-06-29 19:12:10,722 INFO [eb02684e-94c0-4538-b09b-e07e1536af71_clean_9acc358e-71a2-4843-b712-115efe5e3f1c]       StepMonitoring.java:98   | BEAMS
2026-06-29 19:12:20,764 INFO [eb02684e-94c0-4538-b09b-e07e1536af71_clean_9acc358e-71a2-4843-b712-115efe5e3f1c]       StepMonitoring.java:98   | LEDGERS
2026-06-29 19:12:21,413 INFO [eb02684e-94c0-4538-b09b-e07e1536af71_clean_9acc358e-71a2-4843-b712-115efe5e3f1c]       StepMonitoring.java:98   | HEADS
2026-06-29 19:12:39,918 INFO [eb02684e-94c0-4538-b09b-e07e1536af71_clean_9acc358e-71a2-4843-b712-115efe5e3f1c]        HeadSeedTally.java:235  | Scale information: HeadSeeds{NOTEHEAD_VOID[L:0.5,R:0.5]}
2026-06-29 19:12:39,920 INFO [eb02684e-94c0-4538-b09b-e07e1536af71_clean_9acc358e-71a2-4843-b712-115efe5e3f1c]       StepMonitoring.java:98   | STEMS
2026-06-29 19:12:43,112 INFO [eb02684e-94c0-4538-b09b-e07e1536af71_clean_9acc358e-71a2-4843-b712-115efe5e3f1c]       StepMonitoring.java:98   | REDUCTION
2026-06-29 19:12:43,792 INFO [eb02684e-94c0-4538-b09b-e07e1536af71_clean_9acc358e-71a2-4843-b712-115efe5e3f1c]        ReductionStep.java:105  | Stems free length median value: 93 pixels, 3.9 interlines
2026-06-29 19:12:43,824 INFO [eb02684e-94c0-4538-b09b-e07e1536af71_clean_9acc358e-71a2-4843-b712-115efe5e3f1c]       StepMonitoring.java:98   | CUE_BEAMS
2026-06-29 19:12:43,825 INFO [eb02684e-94c0-4538-b09b-e07e1536af71_clean_9acc358e-71a2-4843-b712-115efe5e3f1c]         CueBeamsStep.java:81   | Step CUE_BEAMS is skipped because small heads switch is off
2026-06-29 19:12:43,825 INFO [eb02684e-94c0-4538-b09b-e07e1536af71_clean_9acc358e-71a2-4843-b712-115efe5e3f1c]       StepMonitoring.java:98   | TEXTS
2026-06-29 19:12:48,082 INFO [eb02684e-94c0-4538-b09b-e07e1536af71_clean_9acc358e-71a2-4843-b712-115efe5e3f1c]       StepMonitoring.java:98   | MEASURES
2026-06-29 19:12:48,104 INFO [eb02684e-94c0-4538-b09b-e07e1536af71_clean_9acc358e-71a2-4843-b712-115efe5e3f1c]                 Page.java:307  | 22 raw measures: [4 in system#1, 4 in system#2, 4 in system#3, 4 in system#4, 6 in system#5]
2026-06-29 19:12:48,105 INFO [eb02684e-94c0-4538-b09b-e07e1536af71_clean_9acc358e-71a2-4843-b712-115efe5e3f1c]       StepMonitoring.java:98   | CHORDS
2026-06-29 19:12:48,162 INFO [eb02684e-94c0-4538-b09b-e07e1536af71_clean_9acc358e-71a2-4843-b712-115efe5e3f1c]       StepMonitoring.java:98   | CURVES
2026-06-29 19:12:51,309 INFO [eb02684e-94c0-4538-b09b-e07e1536af71_clean_9acc358e-71a2-4843-b712-115efe5e3f1c]         SlursBuilder.java:240  | Slurs: 9
2026-06-29 19:12:51,521 INFO [eb02684e-94c0-4538-b09b-e07e1536af71_clean_9acc358e-71a2-4843-b712-115efe5e3f1c]      SegmentsBuilder.java:155  | Segments: 30
2026-06-29 19:12:51,554 INFO [eb02684e-94c0-4538-b09b-e07e1536af71_clean_9acc358e-71a2-4843-b712-115efe5e3f1c]       StepMonitoring.java:98   | SYMBOLS
2026-06-29 19:12:55,949 INFO [eb02684e-94c0-4538-b09b-e07e1536af71_clean_9acc358e-71a2-4843-b712-115efe5e3f1c]       StepMonitoring.java:98   | LINKS
2026-06-29 19:12:55,957 INFO [eb02684e-94c0-4538-b09b-e07e1536af71_clean_9acc358e-71a2-4843-b712-115efe5e3f1c]        SentenceInter.java:463  | No chord near SentenceInter#7083{(0.688) staff:1 mFont:S-48 Direction} THEME
2026-06-29 19:12:56,175 INFO [eb02684e-94c0-4538-b09b-e07e1536af71_clean_9acc358e-71a2-4843-b712-115efe5e3f1c]       StepMonitoring.java:98   | RHYTHMS
2026-06-29 19:12:56,237 INFO [eb02684e-94c0-4538-b09b-e07e1536af71_clean_9acc358e-71a2-4843-b712-115efe5e3f1c]        MeasureRhythm.java:1044 | Measure{#2} No timeOffset for HeadChordInter#7165{(0.879/0.879) staff:1 slot#6 dur:1/4}
2026-06-29 19:12:56,239 INFO [eb02684e-94c0-4538-b09b-e07e1536af71_clean_9acc358e-71a2-4843-b712-115efe5e3f1c]        MeasureRhythm.java:1044 | Measure{#2} No timeOffset for HeadChordInter#7180{(0.921/0.921) staff:2 slot#6 dur:3/8}
2026-06-29 19:12:56,239 INFO [eb02684e-94c0-4538-b09b-e07e1536af71_clean_9acc358e-71a2-4843-b712-115efe5e3f1c]                Voice.java:257  | Measure{#2} Voice{#1 excess:1/4} too long
2026-06-29 19:12:56,240 INFO [eb02684e-94c0-4538-b09b-e07e1536af71_clean_9acc358e-71a2-4843-b712-115efe5e3f1c]          StackRhythm.java:224  | S1 MeasureStack#2 no correct rhythm
2026-06-29 19:12:56,244 INFO [eb02684e-94c0-4538-b09b-e07e1536af71_clean_9acc358e-71a2-4843-b712-115efe5e3f1c]        MeasureRhythm.java:1044 | Measure{#3} No timeOffset for HeadChordInter#7169{(0.822/0.822) staff:1 slot#3 dur:1/2}
2026-06-29 19:12:56,245 INFO [eb02684e-94c0-4538-b09b-e07e1536af71_clean_9acc358e-71a2-4843-b712-115efe5e3f1c]   AbstractChordInter.java:627  | Measure{#3} No timeOffset for HeadChordInter#7169{(0.822/0.822) staff:1 slot#3 dur:1/2}
2026-06-29 19:12:56,246 INFO [eb02684e-94c0-4538-b09b-e07e1536af71_clean_9acc358e-71a2-4843-b712-115efe5e3f1c]          StackRhythm.java:224  | S1 MeasureStack#3 no correct rhythm
2026-06-29 19:12:56,258 INFO [eb02684e-94c0-4538-b09b-e07e1536af71_clean_9acc358e-71a2-4843-b712-115efe5e3f1c]        MeasureRhythm.java:1044 | Measure{#4} No timeOffset for HeadChordInter#7174{(0.866/0.866) staff:1 slot#6 dur:1/4}
2026-06-29 19:12:56,259 INFO [eb02684e-94c0-4538-b09b-e07e1536af71_clean_9acc358e-71a2-4843-b712-115efe5e3f1c]        MeasureRhythm.java:1044 | Measure{#4} No timeOffset for HeadChordInter#7188{(0.912/0.912) staff:2 slot#6 dur:3/8}
2026-06-29 19:12:56,260 INFO [eb02684e-94c0-4538-b09b-e07e1536af71_clean_9acc358e-71a2-4843-b712-115efe5e3f1c]                Voice.java:257  | Measure{#4} Voice{#1 excess:1/8} too long
2026-06-29 19:12:56,260 INFO [eb02684e-94c0-4538-b09b-e07e1536af71_clean_9acc358e-71a2-4843-b712-115efe5e3f1c]          StackRhythm.java:224  | S1 MeasureStack#4 no correct rhythm
2026-06-29 19:12:56,271 INFO [eb02684e-94c0-4538-b09b-e07e1536af71_clean_9acc358e-71a2-4843-b712-115efe5e3f1c]        MeasureRhythm.java:1044 | Measure{#5} No timeOffset for HeadChordInter#7190{(0.828/0.828) staff:3 slot#3 dur:1/2}
2026-06-29 19:12:56,272 INFO [eb02684e-94c0-4538-b09b-e07e1536af71_clean_9acc358e-71a2-4843-b712-115efe5e3f1c]   AbstractChordInter.java:627  | Measure{#5} No timeOffset for HeadChordInter#7190{(0.828/0.828) staff:3 slot#3 dur:1/2}
2026-06-29 19:12:56,273 INFO [eb02684e-94c0-4538-b09b-e07e1536af71_clean_9acc358e-71a2-4843-b712-115efe5e3f1c]   AbstractChordInter.java:627  | Measure{#5} No timeOffset for HeadChordInter#7218{(0.892/0.892) staff:4 slot#6 dur:1/8}
2026-06-29 19:12:56,274 INFO [eb02684e-94c0-4538-b09b-e07e1536af71_clean_9acc358e-71a2-4843-b712-115efe5e3f1c]        MeasureRhythm.java:1044 | Measure{#5} No timeOffset for RestChordInter#9090{(0.799/0.799) staff:3 slot#6 dur:1/16}
2026-06-29 19:12:56,274 INFO [eb02684e-94c0-4538-b09b-e07e1536af71_clean_9acc358e-71a2-4843-b712-115efe5e3f1c]   AbstractChordInter.java:627  | Measure{#5} No timeOffset for HeadChordInter#7218{(0.892/0.892) staff:4 slot#6 dur:1/8}
2026-06-29 19:12:56,275 INFO [eb02684e-94c0-4538-b09b-e07e1536af71_clean_9acc358e-71a2-4843-b712-115efe5e3f1c]   AbstractChordInter.java:627  | Measure{#5} No timeOffset for RestChordInter#9090{(0.799/0.799) staff:3 slot#6 dur:1/16}
2026-06-29 19:12:56,275 INFO [eb02684e-94c0-4538-b09b-e07e1536af71_clean_9acc358e-71a2-4843-b712-115efe5e3f1c]          StackRhythm.java:224  | S2 MeasureStack#5 no correct rhythm
2026-06-29 19:12:56,282 INFO [eb02684e-94c0-4538-b09b-e07e1536af71_clean_9acc358e-71a2-4843-b712-115efe5e3f1c]        MeasureRhythm.java:1044 | Measure{#6} No timeOffset for HeadChordInter#7195{(0.905/0.905) staff:3 slot#6 dur:1/4}
2026-06-29 19:12:56,283 INFO [eb02684e-94c0-4538-b09b-e07e1536af71_clean_9acc358e-71a2-4843-b712-115efe5e3f1c]        MeasureRhythm.java:1044 | Measure{#6} No timeOffset for HeadChordInter#7221{(0.917/0.917) staff:4 slot#6 dur:3/8}
2026-06-29 19:12:56,284 INFO [eb02684e-94c0-4538-b09b-e07e1536af71_clean_9acc358e-71a2-4843-b712-115efe5e3f1c]                Voice.java:257  | Measure{#6} Voice{#1 excess:1/4} too long
2026-06-29 19:12:56,285 INFO [eb02684e-94c0-4538-b09b-e07e1536af71_clean_9acc358e-71a2-4843-b712-115efe5e3f1c]          StackRhythm.java:224  | S2 MeasureStack#6 no correct rhythm
2026-06-29 19:12:56,292 INFO [eb02684e-94c0-4538-b09b-e07e1536af71_clean_9acc358e-71a2-4843-b712-115efe5e3f1c]        MeasureRhythm.java:1044 | Measure{#7} No timeOffset for HeadChordInter#7203{(0.874/0.874) staff:3 slot#6 dur:1/8}
2026-06-29 19:12:56,292 INFO [eb02684e-94c0-4538-b09b-e07e1536af71_clean_9acc358e-71a2-4843-b712-115efe5e3f1c]        MeasureRhythm.java:1044 | Measure{#7} No timeOffset for HeadChordInter#7225{(0.920/0.920) staff:4 slot#6 dur:3/8}
2026-06-29 19:12:56,293 INFO [eb02684e-94c0-4538-b09b-e07e1536af71_clean_9acc358e-71a2-4843-b712-115efe5e3f1c]          StackRhythm.java:224  | S2 MeasureStack#7 no correct rhythm
2026-06-29 19:12:56,298 INFO [eb02684e-94c0-4538-b09b-e07e1536af71_clean_9acc358e-71a2-4843-b712-115efe5e3f1c]        MeasureRhythm.java:1044 | Measure{#8} No timeOffset for HeadChordInter#7210{(0.873/0.873) staff:3 slot#5 dur:1/8}
2026-06-29 19:12:56,299 INFO [eb02684e-94c0-4538-b09b-e07e1536af71_clean_9acc358e-71a2-4843-b712-115efe5e3f1c]        MeasureRhythm.java:1044 | Measure{#8} No timeOffset for HeadChordInter#7229{(0.912/0.912) staff:4 slot#5 dur:3/8}
2026-06-29 19:12:56,301 INFO [eb02684e-94c0-4538-b09b-e07e1536af71_clean_9acc358e-71a2-4843-b712-115efe5e3f1c]          StackRhythm.java:224  | S2 MeasureStack#8 no correct rhythm
2026-06-29 19:12:56,305 INFO [eb02684e-94c0-4538-b09b-e07e1536af71_clean_9acc358e-71a2-4843-b712-115efe5e3f1c]        MeasureRhythm.java:1044 | Measure{#9} No timeOffset for RestChordInter#9348{(0.796/0.796) staff:6 slot#6 dur:1/8}
2026-06-29 19:12:56,306 INFO [eb02684e-94c0-4538-b09b-e07e1536af71_clean_9acc358e-71a2-4843-b712-115efe5e3f1c]   AbstractChordInter.java:627  | Measure{#9} No timeOffset for RestChordInter#9348{(0.796/0.796) staff:6 slot#6 dur:1/8}
2026-06-29 19:12:56,306 INFO [eb02684e-94c0-4538-b09b-e07e1536af71_clean_9acc358e-71a2-4843-b712-115efe5e3f1c]   AbstractChordInter.java:627  | Measure{#9} No timeOffset for RestChordInter#9349{(0.796/0.796) staff:6 slot#7 dur:1/4}
2026-06-29 19:12:56,307 INFO [eb02684e-94c0-4538-b09b-e07e1536af71_clean_9acc358e-71a2-4843-b712-115efe5e3f1c]        MeasureRhythm.java:1044 | Measure{#9} No timeOffset for HeadChordInter#7235{(0.839/0.839) staff:5 slot#8 dur:1/8}
2026-06-29 19:12:56,307 INFO [eb02684e-94c0-4538-b09b-e07e1536af71_clean_9acc358e-71a2-4843-b712-115efe5e3f1c]          StackRhythm.java:224  | S3 MeasureStack#9 no correct rhythm
2026-06-29 19:12:56,311 INFO [eb02684e-94c0-4538-b09b-e07e1536af71_clean_9acc358e-71a2-4843-b712-115efe5e3f1c]        MeasureRhythm.java:1044 | Measure{#10} No timeOffset for HeadChordInter#7241{(0.896/0.896) staff:5 slot#6 dur:1/4}
2026-06-29 19:12:56,311 INFO [eb02684e-94c0-4538-b09b-e07e1536af71_clean_9acc358e-71a2-4843-b712-115efe5e3f1c]        MeasureRhythm.java:1044 | Measure{#10} No timeOffset for HeadChordInter#7265{(0.920/0.920) staff:6 slot#6 dur:3/8}
2026-06-29 19:12:56,314 INFO [eb02684e-94c0-4538-b09b-e07e1536af71_clean_9acc358e-71a2-4843-b712-115efe5e3f1c]          StackRhythm.java:224  | S3 MeasureStack#10 no correct rhythm
2026-06-29 19:12:56,321 INFO [eb02684e-94c0-4538-b09b-e07e1536af71_clean_9acc358e-71a2-4843-b712-115efe5e3f1c]        MeasureRhythm.java:1044 | Measure{#11} No timeOffset for HeadChordInter#7249{(0.857/0.857) staff:5 slot#6 dur:1/8}
2026-06-29 19:12:56,321 INFO [eb02684e-94c0-4538-b09b-e07e1536af71_clean_9acc358e-71a2-4843-b712-115efe5e3f1c]        MeasureRhythm.java:1044 | Measure{#11} No timeOffset for HeadChordInter#7269{(0.923/0.923) staff:6 slot#6 dur:3/8}
2026-06-29 19:12:56,322 INFO [eb02684e-94c0-4538-b09b-e07e1536af71_clean_9acc358e-71a2-4843-b712-115efe5e3f1c]          StackRhythm.java:224  | S3 MeasureStack#11 no correct rhythm
2026-06-29 19:12:56,326 INFO [eb02684e-94c0-4538-b09b-e07e1536af71_clean_9acc358e-71a2-4843-b712-115efe5e3f1c]        MeasureRhythm.java:1044 | Measure{#12} No timeOffset for HeadChordInter#7257{(0.910/0.910) staff:5 slot#6 dur:1/4}
2026-06-29 19:12:56,327 INFO [eb02684e-94c0-4538-b09b-e07e1536af71_clean_9acc358e-71a2-4843-b712-115efe5e3f1c]        MeasureRhythm.java:1044 | Measure{#12} No timeOffset for HeadChordInter#7273{(0.913/0.913) staff:6 slot#6 dur:3/8}
2026-06-29 19:12:56,328 INFO [eb02684e-94c0-4538-b09b-e07e1536af71_clean_9acc358e-71a2-4843-b712-115efe5e3f1c]          StackRhythm.java:224  | S3 MeasureStack#12 no correct rhythm
2026-06-29 19:12:56,336 INFO [eb02684e-94c0-4538-b09b-e07e1536af71_clean_9acc358e-71a2-4843-b712-115efe5e3f1c]        MeasureRhythm.java:1044 | Measure{#13} No timeOffset for HeadChordInter#7279{(0.891/0.891) staff:7 slot#6 dur:3/8}
2026-06-29 19:12:56,338 INFO [eb02684e-94c0-4538-b09b-e07e1536af71_clean_9acc358e-71a2-4843-b712-115efe5e3f1c]        MeasureRhythm.java:1044 | Measure{#13} No timeOffset for HeadChordInter#7305{(0.916/0.916) staff:8 slot#6 dur:1/4}
2026-06-29 19:12:56,338 INFO [eb02684e-94c0-4538-b09b-e07e1536af71_clean_9acc358e-71a2-4843-b712-115efe5e3f1c]   AbstractChordInter.java:627  | Measure{#13} No timeOffset for HeadChordInter#7279{(0.891/0.891) staff:7 slot#6 dur:3/8}
2026-06-29 19:12:56,338 INFO [eb02684e-94c0-4538-b09b-e07e1536af71_clean_9acc358e-71a2-4843-b712-115efe5e3f1c]   AbstractChordInter.java:627  | Measure{#13} No timeOffset for HeadChordInter#7307{(0.893/0.893) staff:8 slot#8 dur:1/8}
2026-06-29 19:12:56,340 INFO [eb02684e-94c0-4538-b09b-e07e1536af71_clean_9acc358e-71a2-4843-b712-115efe5e3f1c]   AbstractChordInter.java:627  | Measure{#13} No timeOffset for RestChordInter#9453{(0.798/0.798) staff:7 slot#8 dur:1/16}
2026-06-29 19:12:56,341 INFO [eb02684e-94c0-4538-b09b-e07e1536af71_clean_9acc358e-71a2-4843-b712-115efe5e3f1c]   AbstractChordInter.java:627  | Measure{#13} No timeOffset for HeadChordInter#7307{(0.893/0.893) staff:8 slot#8 dur:1/8}
2026-06-29 19:12:56,342 INFO [eb02684e-94c0-4538-b09b-e07e1536af71_clean_9acc358e-71a2-4843-b712-115efe5e3f1c]          StackRhythm.java:224  | S4 MeasureStack#13 no correct rhythm
2026-06-29 19:12:56,350 INFO [eb02684e-94c0-4538-b09b-e07e1536af71_clean_9acc358e-71a2-4843-b712-115efe5e3f1c]        MeasureRhythm.java:1044 | Measure{#14} No timeOffset for HeadChordInter#7286{(0.908/0.908) staff:7 slot#6 dur:1/2}
2026-06-29 19:12:56,352 INFO [eb02684e-94c0-4538-b09b-e07e1536af71_clean_9acc358e-71a2-4843-b712-115efe5e3f1c]        MeasureRhythm.java:1044 | Measure{#14} No timeOffset for HeadChordInter#7310{(0.921/0.921) staff:8 slot#6 dur:3/8}
2026-06-29 19:12:56,353 INFO [eb02684e-94c0-4538-b09b-e07e1536af71_clean_9acc358e-71a2-4843-b712-115efe5e3f1c]   AbstractChordInter.java:627  | Measure{#14} No timeOffset for HeadChordInter#7286{(0.908/0.908) staff:7 slot#6 dur:1/2}
2026-06-29 19:12:56,354 INFO [eb02684e-94c0-4538-b09b-e07e1536af71_clean_9acc358e-71a2-4843-b712-115efe5e3f1c]   AbstractChordInter.java:627  | Measure{#14} No timeOffset for HeadChordInter#7311{(0.914/0.914) staff:8 slot#8 dur:3/8}
2026-06-29 19:12:56,355 INFO [eb02684e-94c0-4538-b09b-e07e1536af71_clean_9acc358e-71a2-4843-b712-115efe5e3f1c]   AbstractChordInter.java:627  | Measure{#14} No timeOffset for HeadChordInter#7287{(0.905/0.905) staff:7 slot#7 dur:1/2}
2026-06-29 19:12:56,356 INFO [eb02684e-94c0-4538-b09b-e07e1536af71_clean_9acc358e-71a2-4843-b712-115efe5e3f1c]   AbstractChordInter.java:627  | Measure{#14} No timeOffset for HeadChordInter#7311{(0.914/0.914) staff:8 slot#8 dur:3/8}
2026-06-29 19:12:56,357 INFO [eb02684e-94c0-4538-b09b-e07e1536af71_clean_9acc358e-71a2-4843-b712-115efe5e3f1c]          StackRhythm.java:224  | S4 MeasureStack#14 no correct rhythm
2026-06-29 19:12:56,363 INFO [eb02684e-94c0-4538-b09b-e07e1536af71_clean_9acc358e-71a2-4843-b712-115efe5e3f1c]        MeasureRhythm.java:1044 | Measure{#15} No timeOffset for HeadChordInter#7292{(0.900/0.900) staff:7 slot#5 dur:1/8}
2026-06-29 19:12:56,364 INFO [eb02684e-94c0-4538-b09b-e07e1536af71_clean_9acc358e-71a2-4843-b712-115efe5e3f1c]        MeasureRhythm.java:1044 | Measure{#15} No timeOffset for HeadChordInter#7314{(0.920/0.920) staff:8 slot#5 dur:3/8}
2026-06-29 19:12:56,365 INFO [eb02684e-94c0-4538-b09b-e07e1536af71_clean_9acc358e-71a2-4843-b712-115efe5e3f1c]                Voice.java:257  | Measure{#15} Voice{#1 excess:1/8} too long
2026-06-29 19:12:56,367 INFO [eb02684e-94c0-4538-b09b-e07e1536af71_clean_9acc358e-71a2-4843-b712-115efe5e3f1c]          StackRhythm.java:224  | S4 MeasureStack#15 no correct rhythm
2026-06-29 19:12:56,372 INFO [eb02684e-94c0-4538-b09b-e07e1536af71_clean_9acc358e-71a2-4843-b712-115efe5e3f1c]        MeasureRhythm.java:1044 | Measure{#16} No timeOffset for HeadChordInter#7299{(0.888/0.888) staff:7 slot#5 dur:1/8}
2026-06-29 19:12:56,373 INFO [eb02684e-94c0-4538-b09b-e07e1536af71_clean_9acc358e-71a2-4843-b712-115efe5e3f1c]        MeasureRhythm.java:1044 | Measure{#16} No timeOffset for HeadChordInter#7318{(0.924/0.924) staff:8 slot#5 dur:3/8}
2026-06-29 19:12:56,374 INFO [eb02684e-94c0-4538-b09b-e07e1536af71_clean_9acc358e-71a2-4843-b712-115efe5e3f1c]          StackRhythm.java:224  | S4 MeasureStack#16 no correct rhythm
2026-06-29 19:12:56,381 INFO [eb02684e-94c0-4538-b09b-e07e1536af71_clean_9acc358e-71a2-4843-b712-115efe5e3f1c]        MeasureRhythm.java:1044 | Measure{#17} No timeOffset for HeadChordInter#7324{(0.888/0.888) staff:9 slot#6 dur:1/4}
2026-06-29 19:12:56,382 INFO [eb02684e-94c0-4538-b09b-e07e1536af71_clean_9acc358e-71a2-4843-b712-115efe5e3f1c]        MeasureRhythm.java:1044 | Measure{#17} No timeOffset for RestChordInter#9611{(0.799/0.799) staff:10 slot#6 dur:1/8}
2026-06-29 19:12:56,383 INFO [eb02684e-94c0-4538-b09b-e07e1536af71_clean_9acc358e-71a2-4843-b712-115efe5e3f1c]   AbstractChordInter.java:627  | Measure{#17} No timeOffset for HeadChordInter#7324{(0.888/0.888) staff:9 slot#6 dur:1/4}
2026-06-29 19:12:56,383 INFO [eb02684e-94c0-4538-b09b-e07e1536af71_clean_9acc358e-71a2-4843-b712-115efe5e3f1c]   AbstractChordInter.java:627  | Measure{#17} No timeOffset for RestChordInter#9611{(0.799/0.799) staff:10 slot#6 dur:1/8}
2026-06-29 19:12:56,385 INFO [eb02684e-94c0-4538-b09b-e07e1536af71_clean_9acc358e-71a2-4843-b712-115efe5e3f1c]   AbstractChordInter.java:627  | Measure{#17} No timeOffset for RestChordInter#9613{(0.797/0.797) staff:9 slot#7 dur:1/8}
2026-06-29 19:12:56,386 INFO [eb02684e-94c0-4538-b09b-e07e1536af71_clean_9acc358e-71a2-4843-b712-115efe5e3f1c]   AbstractChordInter.java:627  | Measure{#17} No timeOffset for RestChordInter#9612{(0.797/0.797) staff:10 slot#7 dur:1/4}
2026-06-29 19:12:56,387 INFO [eb02684e-94c0-4538-b09b-e07e1536af71_clean_9acc358e-71a2-4843-b712-115efe5e3f1c]          StackRhythm.java:224  | S5 MeasureStack#17 no correct rhythm
2026-06-29 19:12:56,392 INFO [eb02684e-94c0-4538-b09b-e07e1536af71_clean_9acc358e-71a2-4843-b712-115efe5e3f1c]        MeasureRhythm.java:1044 | Measure{#18} No timeOffset for HeadChordInter#7330{(0.834/0.834) staff:9 slot#5 dur:1/2}
2026-06-29 19:12:56,393 INFO [eb02684e-94c0-4538-b09b-e07e1536af71_clean_9acc358e-71a2-4843-b712-115efe5e3f1c]        MeasureRhythm.java:1044 | Measure{#18} No timeOffset for HeadChordInter#7343{(0.917/0.917) staff:10 slot#5 dur:3/8}
2026-06-29 19:12:56,393 INFO [eb02684e-94c0-4538-b09b-e07e1536af71_clean_9acc358e-71a2-4843-b712-115efe5e3f1c]   AbstractChordInter.java:627  | Measure{#18} No timeOffset for HeadChordInter#7330{(0.834/0.834) staff:9 slot#5 dur:1/2}
2026-06-29 19:12:56,394 INFO [eb02684e-94c0-4538-b09b-e07e1536af71_clean_9acc358e-71a2-4843-b712-115efe5e3f1c]   AbstractChordInter.java:627  | Measure{#18} No timeOffset for HeadChordInter#7344{(0.921/0.921) staff:10 slot#6 dur:3/8}
2026-06-29 19:12:56,395 INFO [eb02684e-94c0-4538-b09b-e07e1536af71_clean_9acc358e-71a2-4843-b712-115efe5e3f1c]          StackRhythm.java:224  | S5 MeasureStack#18 no correct rhythm
2026-06-29 19:12:56,397 INFO [eb02684e-94c0-4538-b09b-e07e1536af71_clean_9acc358e-71a2-4843-b712-115efe5e3f1c]        MeasureRhythm.java:1044 | Measure{#19} No timeOffset for HeadChordInter#7333{(0.852/0.852) staff:9 slot#3 dur:1/2}
2026-06-29 19:12:56,397 INFO [eb02684e-94c0-4538-b09b-e07e1536af71_clean_9acc358e-71a2-4843-b712-115efe5e3f1c]        MeasureRhythm.java:1044 | Measure{#19} No timeOffset for HeadChordInter#7347{(0.912/0.912) staff:10 slot#3 dur:3/8}
2026-06-29 19:12:56,398 INFO [eb02684e-94c0-4538-b09b-e07e1536af71_clean_9acc358e-71a2-4843-b712-115efe5e3f1c]   AbstractChordInter.java:627  | Measure{#19} No timeOffset for HeadChordInter#7333{(0.852/0.852) staff:9 slot#3 dur:1/2}
2026-06-29 19:12:56,398 INFO [eb02684e-94c0-4538-b09b-e07e1536af71_clean_9acc358e-71a2-4843-b712-115efe5e3f1c]   AbstractChordInter.java:627  | Measure{#19} No timeOffset for HeadChordInter#7348{(0.913/0.913) staff:10 slot#4 dur:3/8}
2026-06-29 19:12:56,399 INFO [eb02684e-94c0-4538-b09b-e07e1536af71_clean_9acc358e-71a2-4843-b712-115efe5e3f1c]          StackRhythm.java:224  | S5 MeasureStack#19 no correct rhythm
2026-06-29 19:12:56,402 INFO [eb02684e-94c0-4538-b09b-e07e1536af71_clean_9acc358e-71a2-4843-b712-115efe5e3f1c]        MeasureRhythm.java:1044 | Measure{#20} No timeOffset for HeadChordInter#7353{(0.595/0.595) staff:10 slot#3 dur:3/16}
2026-06-29 19:12:56,403 INFO [eb02684e-94c0-4538-b09b-e07e1536af71_clean_9acc358e-71a2-4843-b712-115efe5e3f1c]        MeasureRhythm.java:1044 | Measure{#20} No timeOffset for HeadChordInter#7351{(0.920/0.920) staff:10 slot#3 dur:1/4}
2026-06-29 19:12:56,404 INFO [eb02684e-94c0-4538-b09b-e07e1536af71_clean_9acc358e-71a2-4843-b712-115efe5e3f1c]          StackRhythm.java:224  | S5 MeasureStack#20 no correct rhythm
2026-06-29 19:12:56,405 INFO [eb02684e-94c0-4538-b09b-e07e1536af71_clean_9acc358e-71a2-4843-b712-115efe5e3f1c]        MeasureRhythm.java:1044 | Measure{#21} No timeOffset for RestChordInter#9615{(0.790/0.790) staff:10 slot#2 dur:1/8}
2026-06-29 19:12:56,406 INFO [eb02684e-94c0-4538-b09b-e07e1536af71_clean_9acc358e-71a2-4843-b712-115efe5e3f1c]   AbstractChordInter.java:627  | Measure{#21} No timeOffset for RestChordInter#9615{(0.790/0.790) staff:10 slot#2 dur:1/8}
2026-06-29 19:12:56,406 INFO [eb02684e-94c0-4538-b09b-e07e1536af71_clean_9acc358e-71a2-4843-b712-115efe5e3f1c]                Voice.java:257  | Measure{#21} Voice{#1 excess:1/8} too long
2026-06-29 19:12:56,407 INFO [eb02684e-94c0-4538-b09b-e07e1536af71_clean_9acc358e-71a2-4843-b712-115efe5e3f1c]          StackRhythm.java:224  | S5 MeasureStack#21 no correct rhythm
2026-06-29 19:12:56,408 INFO [eb02684e-94c0-4538-b09b-e07e1536af71_clean_9acc358e-71a2-4843-b712-115efe5e3f1c]       StepMonitoring.java:98   | PAGE
2026-06-29 19:12:56,425 INFO [eb02684e-94c0-4538-b09b-e07e1536af71_clean_9acc358e-71a2-4843-b712-115efe5e3f1c]                Voice.java:257  | Measure{#2} Voice{#1 excess:1/4} too long
2026-06-29 19:12:56,427 INFO [eb02684e-94c0-4538-b09b-e07e1536af71_clean_9acc358e-71a2-4843-b712-115efe5e3f1c]                Voice.java:257  | Measure{#4} Voice{#1 excess:1/8} too long
2026-06-29 19:12:56,427 INFO [eb02684e-94c0-4538-b09b-e07e1536af71_clean_9acc358e-71a2-4843-b712-115efe5e3f1c]                Voice.java:257  | Measure{#6} Voice{#1 excess:1/4} too long
2026-06-29 19:12:56,428 INFO [eb02684e-94c0-4538-b09b-e07e1536af71_clean_9acc358e-71a2-4843-b712-115efe5e3f1c]                Voice.java:257  | Measure{#15} Voice{#1 excess:1/8} too long
2026-06-29 19:12:56,429 INFO [eb02684e-94c0-4538-b09b-e07e1536af71_clean_9acc358e-71a2-4843-b712-115efe5e3f1c]                Voice.java:257  | Measure{#21} Voice{#1 excess:1/8} too long
2026-06-29 19:12:56,431 INFO [eb02684e-94c0-4538-b09b-e07e1536af71_clean_9acc358e-71a2-4843-b712-115efe5e3f1c]                 Book.java:2584 | Book{eb02684e-94c0-4538-b09b-e07e1536af71_clean_9acc358e-71a2-4843-b712-115efe5e3f1c} storing
2026-06-29 19:12:56,556 INFO [eb02684e-94c0-4538-b09b-e07e1536af71_clean_9acc358e-71a2-4843-b712-115efe5e3f1c]                 Book.java:2565 | Stored /book.xml
2026-06-29 19:12:56,855 INFO [eb02684e-94c0-4538-b09b-e07e1536af71_clean_9acc358e-71a2-4843-b712-115efe5e3f1c]           DataHolder.java:348  | Stored /sheet#1/BINARY.png
2026-06-29 19:12:58,797 INFO [eb02684e-94c0-4538-b09b-e07e1536af71_clean_9acc358e-71a2-4843-b712-115efe5e3f1c]                Sheet.java:1583 | Stored /sheet#1/sheet#1.xml
2026-06-29 19:12:58,798 INFO [eb02684e-94c0-4538-b09b-e07e1536af71_clean_9acc358e-71a2-4843-b712-115efe5e3f1c]                 Book.java:2525 | Book stored as C:\ReactNative\music-app\MeloNote\backend\outputs\eb02684e-94c0-4538-b09b-e07e1536af71_clean_9acc358e-71a2-4843-b712-115efe5e3f1c.omr
2026-06-29 19:12:58,806 INFO [eb02684e-94c0-4538-b09b-e07e1536af71_clean_9acc358e-71a2-4843-b712-115efe5e3f1c]            SheetStub.java:1655 | Sheet disposed
2026-06-29 19:12:58,867 INFO [eb02684e-94c0-4538-b09b-e07e1536af71_clean_9acc358e-71a2-4843-b712-115efe5e3f1c]                 Book.java:2050 | End of Stub#1
2026-06-29 19:12:58,869 INFO [eb02684e-94c0-4538-b09b-e07e1536af71_clean_9acc358e-71a2-4843-b712-115efe5e3f1c]                 Book.java:2057 | End of Book{eb02684e-94c0-4538-b09b-e07e1536af71_clean_9acc358e-71a2-4843-b712-115efe5e3f1c}
2026-06-29 19:13:00,081 INFO [eb02684e-94c0-4538-b09b-e07e1536af71_clean_9acc358e-71a2-4843-b712-115efe5e3f1c]            SheetStub.java:1000 | Loaded /sheet#1/sheet#1.xml
2026-06-29 19:13:01,046 INFO [eb02684e-94c0-4538-b09b-e07e1536af71_clean_9acc358e-71a2-4843-b712-115efe5e3f1c]      PartwiseBuilder.java:2706 | Exporting sheet(s): [#1]
2026-06-29 19:13:01,324 INFO [eb02684e-94c0-4538-b09b-e07e1536af71_clean_9acc358e-71a2-4843-b712-115efe5e3f1c]        ScoreExporter.java:164  | Score eb02684e-94c0-4538-b09b-e07e1536af71_clean_9acc358e-71a2-4843-b712-115efe5e3f1c exported to C:\ReactNative\music-app\MeloNote\backend\outputs\eb02684e-94c0-4538-b09b-e07e1536af71_clean_9acc358e-71a2-4843-b712-115efe5e3f1c.mxl
2026-06-29 19:13:01,419 INFO [eb02684e-94c0-4538-b09b-e07e1536af71_clean_9acc358e-71a2-4843-b712-115efe5e3f1c]                Score.java:181  | Closing {Score 1}
