2026-06-29 18:52:06,411 INFO [fce39ceb-1af5-4ccd-a618-eb9e825993dd_clean_7a9e91b6-c91a-4dde-85e3-1c01428ee85c]                 Book.java:560  | 1 sheet in C:\ReactNative\music-app\MeloNote\backend\temp\fce39ceb-1af5-4ccd-a618-eb9e825993dd_clean_7a9e91b6-c91a-4dde-85e3-1c01428ee85c.jpeg
2026-06-29 18:52:06,870 INFO []                 Book.java:2565 | Stored /book.xml
2026-06-29 18:52:06,871 INFO []                 Book.java:2525 | Book stored as C:\ReactNative\music-app\MeloNote\backend\outputs\fce39ceb-1af5-4ccd-a618-eb9e825993dd_clean_7a9e91b6-c91a-4dde-85e3-1c01428ee85c.omr
2026-06-29 18:52:06,883 INFO []                 Book.java:1929 | Book reaching PAGE on sheets:[#1]
2026-06-29 18:52:06,887 INFO [fce39ceb-1af5-4ccd-a618-eb9e825993dd_clean_7a9e91b6-c91a-4dde-85e3-1c01428ee85c]       StepMonitoring.java:98   | LOAD
2026-06-29 18:52:07,437 INFO [fce39ceb-1af5-4ccd-a618-eb9e825993dd_clean_7a9e91b6-c91a-4dde-85e3-1c01428ee85c]            SheetStub.java:1278 | Loaded image #1 4960x2800 from C:\ReactNative\music-app\MeloNote\backend\temp\fce39ceb-1af5-4ccd-a618-eb9e825993dd_clean_7a9e91b6-c91a-4dde-85e3-1c01428ee85c.jpeg
2026-06-29 18:52:07,444 INFO [fce39ceb-1af5-4ccd-a618-eb9e825993dd_clean_7a9e91b6-c91a-4dde-85e3-1c01428ee85c]       StepMonitoring.java:98   | BINARY
2026-06-29 18:52:09,128 INFO [fce39ceb-1af5-4ccd-a618-eb9e825993dd_clean_7a9e91b6-c91a-4dde-85e3-1c01428ee85c]       StepMonitoring.java:98   | SCALE
2026-06-29 18:52:09,190 INFO [fce39ceb-1af5-4ccd-a618-eb9e825993dd_clean_7a9e91b6-c91a-4dde-85e3-1c01428ee85c]         ScaleBuilder.java:255  | Beam  guessed height: 26 -- mid of [12..40]
2026-06-29 18:52:09,194 INFO [fce39ceb-1af5-4ccd-a618-eb9e825993dd_clean_7a9e91b6-c91a-4dde-85e3-1c01428ee85c]         ScaleBuilder.java:271  | Beam measured height: 15 -- 0.11 of [12..40] range at 30% of needed quorum
2026-06-29 18:52:09,194 WARN [fce39ceb-1af5-4ccd-a618-eb9e825993dd_clean_7a9e91b6-c91a-4dde-85e3-1c01428ee85c]         ScaleBuilder.java:300  | No reliable beam height found, guessed value: 26
2026-06-29 18:52:09,195 INFO [fce39ceb-1af5-4ccd-a618-eb9e825993dd_clean_7a9e91b6-c91a-4dde-85e3-1c01428ee85c]         ScaleBuilder.java:401  | Normalized black jitter: 2.38 %
2026-06-29 18:52:09,196 INFO [fce39ceb-1af5-4ccd-a618-eb9e825993dd_clean_7a9e91b6-c91a-4dde-85e3-1c01428ee85c]            ScaleStep.java:65   | Scale{ interline(40,42,44) line(1,1,2) beam(26 extra)}
2026-06-29 18:52:09,197 INFO [fce39ceb-1af5-4ccd-a618-eb9e825993dd_clean_7a9e91b6-c91a-4dde-85e3-1c01428ee85c]       StepMonitoring.java:98   | GRID
2026-06-29 18:52:10,029 WARN [fce39ceb-1af5-4ccd-a618-eb9e825993dd_clean_7a9e91b6-c91a-4dde-85e3-1c01428ee85c]            SheetStub.java:411  | fce39ceb-1af5-4ccd-a618-eb9e825993dd_clean_7a9e91b6-c91a-4dde-85e3-1c01428ee85c Too few staff filaments: 0 This sheet does not seem to contain staff lines.
2026-06-29 18:52:10,031 INFO [fce39ceb-1af5-4ccd-a618-eb9e825993dd_clean_7a9e91b6-c91a-4dde-85e3-1c01428ee85c]                 Book.java:543  | Created scores: []
2026-06-29 18:52:10,032 INFO [fce39ceb-1af5-4ccd-a618-eb9e825993dd_clean_7a9e91b6-c91a-4dde-85e3-1c01428ee85c]            SheetStub.java:1194 | Sheet fce39ceb-1af5-4ccd-a618-eb9e825993dd_clean_7a9e91b6-c91a-4dde-85e3-1c01428ee85c flagged as invalid.
2026-06-29 18:52:10,033 WARN [fce39ceb-1af5-4ccd-a618-eb9e825993dd_clean_7a9e91b6-c91a-4dde-85e3-1c01428ee85c]                 Book.java:2044 | Error processing stub
2026-06-29 18:52:10,034 INFO [fce39ceb-1af5-4ccd-a618-eb9e825993dd_clean_7a9e91b6-c91a-4dde-85e3-1c01428ee85c]                 Book.java:2584 | Book{fce39ceb-1af5-4ccd-a618-eb9e825993dd_clean_7a9e91b6-c91a-4dde-85e3-1c01428ee85c} storing
2026-06-29 18:52:10,082 INFO [fce39ceb-1af5-4ccd-a618-eb9e825993dd_clean_7a9e91b6-c91a-4dde-85e3-1c01428ee85c]                 Book.java:2565 | Stored /book.xml
2026-06-29 18:52:10,431 INFO [fce39ceb-1af5-4ccd-a618-eb9e825993dd_clean_7a9e91b6-c91a-4dde-85e3-1c01428ee85c]           DataHolder.java:348  | Stored /sheet#1/BINARY.png
2026-06-29 18:52:10,939 INFO [fce39ceb-1af5-4ccd-a618-eb9e825993dd_clean_7a9e91b6-c91a-4dde-85e3-1c01428ee85c]                Sheet.java:1583 | Stored /sheet#1/sheet#1.xml
2026-06-29 18:52:10,940 INFO [fce39ceb-1af5-4ccd-a618-eb9e825993dd_clean_7a9e91b6-c91a-4dde-85e3-1c01428ee85c]                 Book.java:2525 | Book stored as C:\ReactNative\music-app\MeloNote\backend\outputs\fce39ceb-1af5-4ccd-a618-eb9e825993dd_clean_7a9e91b6-c91a-4dde-85e3-1c01428ee85c.omr
2026-06-29 18:52:10,951 INFO [fce39ceb-1af5-4ccd-a618-eb9e825993dd_clean_7a9e91b6-c91a-4dde-85e3-1c01428ee85c]            SheetStub.java:1655 | Sheet disposed
2026-06-29 18:52:10,978 INFO [fce39ceb-1af5-4ccd-a618-eb9e825993dd_clean_7a9e91b6-c91a-4dde-85e3-1c01428ee85c]                 Book.java:2050 | End of Stub#1
2026-06-29 18:52:10,979 INFO [fce39ceb-1af5-4ccd-a618-eb9e825993dd_clean_7a9e91b6-c91a-4dde-85e3-1c01428ee85c]                 Book.java:2057 | End of Book{fce39ceb-1af5-4ccd-a618-eb9e825993dd_clean_7a9e91b6-c91a-4dde-85e3-1c01428ee85c}
2026-06-29 18:52:10,980 INFO [fce39ceb-1af5-4ccd-a618-eb9e825993dd_clean_7a9e91b6-c91a-4dde-85e3-1c01428ee85c]                 Book.java:596  | Could not export since transcription did not complete successfully
2026-06-29 18:52:10,981 WARN [fce39ceb-1af5-4ccd-a618-eb9e825993dd_clean_7a9e91b6-c91a-4dde-85e3-1c01428ee85c]                  CLI.java:956  | Exception occurred java.lang.Exception: Error in export
java.lang.Exception: Error in export
	at org.audiveris.omr.CLI$ProcessingTask.processBook(CLI.java:930)
	at org.audiveris.omr.CLI$CliTask.call(CLI.java:513)
	at org.audiveris.omr.Main.runBatchTasks(Main.java:361)
	at org.audiveris.omr.Main.main(Main.java:263)
	at Audiveris.main(Audiveris.java:50)
